#
# There is insufficient memory for the Java Runtime Environment to continue.
# Native memory allocation (malloc) failed to allocate 1957616 bytes for Chunk::new
# Possible reasons:
#   The system is out of physical RAM or swap space
#   The process is running with CompressedOops enabled, and the Java Heap may be blocking the growth of the native heap
# Possible solutions:
#   Reduce memory load on the system
#   Increase physical memory or swap space
#   Check if swap backing store is full
#   Decrease Java heap size (-Xmx/-Xms)
#   Decrease number of Java threads
#   Decrease Java thread stack sizes (-Xss)
#   Set larger code cache with -XX:ReservedCodeCacheSize=
#   JVM is running with Unscaled Compressed Oops mode in which the Java heap is
#     placed in the first 4GB address space. The Java Heap base address is the
#     maximum limit for the native heap growth. Please use -XX:HeapBaseMinAddress
#     to set the Java Heap base and to place the Java Heap above 4GB virtual address.
# This output file may be truncated or incomplete.
#
#  Out of Memory Error (allocation.cpp:389), pid=8640, tid=0x0000000000001c6c
#
# JRE version: OpenJDK Runtime Environment (8.0_242-b01) (build 1.8.0_242-release-1644-b01)
# Java VM: OpenJDK 64-Bit Server VM (25.242-b01 mixed mode windows-amd64 compressed oops)
# Failed to write core dump. Minidumps are not enabled by default on client versions of Windows
#

---------------  T H R E A D  ---------------

Current thread (0x00000000172a6800):  JavaThread "C2 CompilerThread0" daemon [_thread_in_native, id=7276, stack(0x0000000018910000,0x0000000018a10000)]

Stack: [0x0000000018910000,0x0000000018a10000]
[error occurred during error reporting (printing stack bounds), id 0xc0000005]

Native frames: (J=compiled Java code, j=interpreted, Vv=VM code, C=native code)


Current CompileTask:
C2:  24553 6808       4       org.gradle.internal.instantiation.generator.AbstractClassGenerator::inspectType (559 bytes)


---------------  P R O C E S S  ---------------

Java Threads: ( => current thread )
  0x0000000019ab5800 JavaThread "Cache worker for execution history cache (D:\Applications\Exam\.gradle\6.1.1\executionHistory)" [_thread_blocked, id=1644, stack(0x00000000243d0000,0x00000000244d0000)]
  0x0000000019aba000 JavaThread "Build operations Thread 4" [_thread_blocked, id=8356, stack(0x00000000231c0000,0x00000000232c0000)]
  0x0000000019ab9800 JavaThread "Build operations Thread 3" [_thread_in_native, id=7408, stack(0x00000000230c0000,0x00000000231c0000)]
  0x0000000019ab2000 JavaThread "Build operations Thread 2" [_thread_blocked, id=8948, stack(0x0000000022fc0000,0x00000000230c0000)]
  0x0000000019ab3800 JavaThread "Build operations" [_thread_in_native, id=7404, stack(0x0000000021ef0000,0x0000000021ff0000)]
  0x0000000019ab8800 JavaThread "Cache worker for Build Output Cleanup Cache (D:\Applications\Exam\.gradle\buildOutputCleanup)" [_thread_blocked, id=8972, stack(0x00000000216f0000,0x00000000217f0000)]
  0x000000001b2de800 JavaThread "Cache worker for execution history cache (C:\Users\EL-Kady EzZaT\.gradle\caches\6.1.1\executionHistory)" [_thread_blocked, id=8276, stack(0x0000000020bf0000,0x0000000020cf0000)]
  0x000000001b2e1000 JavaThread "Cache worker for cache directory md-rule (C:\Users\EL-Kady EzZaT\.gradle\caches\6.1.1\md-rule)" [_thread_blocked, id=2072, stack(0x0000000020af0000,0x0000000020bf0000)]
  0x000000001b2e4000 JavaThread "Cache worker for cache directory md-supplier (C:\Users\EL-Kady EzZaT\.gradle\caches\6.1.1\md-supplier)" [_thread_blocked, id=8752, stack(0x000000001f930000,0x000000001fa30000)]
  0x000000001b2de000 JavaThread "Cache worker for file hash cache (D:\Applications\Exam\.gradle\6.1.1\fileHashes)" [_thread_blocked, id=7556, stack(0x000000001f430000,0x000000001f530000)]
  0x000000001b2e3000 JavaThread "Cache worker for checksums cache (D:\Applications\Exam\.gradle\checksums)" [_thread_blocked, id=8848, stack(0x000000001f330000,0x000000001f430000)]
  0x000000001b2e0000 JavaThread "Cache worker for file hash cache (C:\Users\EL-Kady EzZaT\.gradle\caches\6.1.1\fileHashes)" [_thread_blocked, id=5656, stack(0x000000001d090000,0x000000001d190000)]
  0x000000001b2e2800 JavaThread "File lock request listener" [_thread_in_native, id=5056, stack(0x000000001cf90000,0x000000001d090000)]
  0x000000001b2df800 JavaThread "Cache worker for journal cache (C:\Users\EL-Kady EzZaT\.gradle\caches\journal-1)" [_thread_in_Java, id=3992, stack(0x000000001ce90000,0x000000001cf90000)]
  0x000000001af99000 JavaThread "Thread-9" [_thread_blocked, id=4024, stack(0x000000001cb90000,0x000000001cc90000)]
  0x000000001aee3800 JavaThread "Stdin handler" [_thread_blocked, id=5024, stack(0x000000001ca90000,0x000000001cb90000)]
  0x000000001aee0800 JavaThread "Asynchronous log dispatcher for DefaultDaemonConnection: socket connection from /127.0.0.1:49870 to /127.0.0.1:49871" [_thread_blocked, id=7984, stack(0x000000001c990000,0x000000001ca90000)]
  0x000000001af02800 JavaThread "Daemon worker" [_thread_blocked, id=8668, stack(0x000000001c890000,0x000000001c990000)]
  0x000000001aebf800 JavaThread "Cancel handler" [_thread_blocked, id=6204, stack(0x000000001c790000,0x000000001c890000)]
  0x000000001aeb8800 JavaThread "Handler for socket connection from /127.0.0.1:49870 to /127.0.0.1:49871" [_thread_in_native, id=3540, stack(0x000000001c490000,0x000000001c590000)]
  0x000000001aeb7000 JavaThread "Daemon" [_thread_blocked, id=6256, stack(0x000000001c390000,0x000000001c490000)]
  0x000000001aeb4800 JavaThread "Daemon periodic checks" [_thread_blocked, id=8392, stack(0x000000001c290000,0x000000001c390000)]
  0x000000001ae32000 JavaThread "Incoming local TCP Connector on port 49870" [_thread_in_native, id=2580, stack(0x0000000019310000,0x0000000019410000)]
  0x000000001a6ed800 JavaThread "Daemon health stats" [_thread_blocked, id=5168, stack(0x0000000019210000,0x0000000019310000)]
  0x0000000018c3d000 JavaThread "Service Thread" daemon [_thread_blocked, id=8860, stack(0x0000000019010000,0x0000000019110000)]
  0x00000000172b7000 JavaThread "C1 CompilerThread2" daemon [_thread_blocked, id=3344, stack(0x0000000018b10000,0x0000000018c10000)]
  0x00000000172ab000 JavaThread "C2 CompilerThread1" daemon [_thread_in_native, id=3348, stack(0x0000000018a10000,0x0000000018b10000)]
=>0x00000000172a6800 JavaThread "C2 CompilerThread0" daemon [_thread_in_native, id=7276, stack(0x0000000018910000,0x0000000018a10000)]
  0x00000000172a3000 JavaThread "Attach Listener" daemon [_thread_blocked, id=6076, stack(0x0000000018810000,0x0000000018910000)]
  0x00000000172a2000 JavaThread "Signal Dispatcher" daemon [_thread_blocked, id=8904, stack(0x0000000018710000,0x0000000018810000)]
  0x000000000267c000 JavaThread "Finalizer" daemon [_thread_blocked, id=3360, stack(0x0000000018510000,0x0000000018610000)]
  0x0000000017289000 JavaThread "Reference Handler" daemon [_thread_blocked, id=5696, stack(0x0000000018410000,0x0000000018510000)]
  0x000000000257e000 JavaThread "main" [_thread_blocked, id=8016, stack(0x0000000002440000,0x0000000002540000)]

Other Threads:
  0x0000000017266000 VMThread [stack: 0x0000000018310000,0x0000000018410000] [id=6064]
  0x0000000018c3d800 WatcherThread [stack: 0x0000000019110000,0x0000000019210000] [id=7356]

VM state:not at safepoint (normal execution)

VM Mutex/Monitor currently owned by a thread: None

heap address: 0x0000000080000000, size: 2048 MB, Compressed Oops mode: 32-bit
Narrow klass base: 0x0000000000000000, Narrow klass shift: 3
Compressed class space size: 1073741824 Address: 0x0000000100000000

Heap:
 PSYoungGen      total 188416K, used 80495K [0x00000000d5580000, 0x00000000e2980000, 0x0000000100000000)
  eden space 175104K, 38% used [0x00000000d5580000,0x00000000d97743e0,0x00000000e0080000)
  from space 13312K, 97% used [0x00000000e1c80000,0x00000000e2927a40,0x00000000e2980000)
  to   space 16384K, 0% used [0x00000000e0980000,0x00000000e0980000,0x00000000e1980000)
 ParOldGen       total 89088K, used 35484K [0x0000000080000000, 0x0000000085700000, 0x00000000d5580000)
  object space 89088K, 39% used [0x0000000080000000,0x00000000822a7040,0x0000000085700000)
 Metaspace       used 67011K, capacity 70034K, committed 70184K, reserved 1110016K
  class space    used 9269K, capacity 9927K, committed 10024K, reserved 1048576K

Card table byte_map: [0x0000000011a40000,0x0000000011e50000] byte_map_base: 0x0000000011640000

Marking Bits: (ParMarkBitMap*) 0x000000006102f030
 Begin Bits: [0x0000000012500000, 0x0000000014500000)
 End Bits:   [0x0000000014500000, 0x0000000016500000)

Polling page: 0x0000000000800000

CodeCache: size=245760Kb used=22347Kb max_used=22347Kb free=223412Kb
 bounds [0x0000000002680000, 0x0000000003c70000, 0x0000000011680000]
 total_blobs=7617 nmethods=6820 adapters=707
 compilation: enabled

Compilation events (10 events):
Event: 24.542 Thread 0x00000000172b7000 7617       3       org.gradle.internal.fingerprint.impl.DefaultFileCollectionSnapshotter$SnapshottingVisitor$$Lambda$80/1388671951::get$Lambda (9 bytes)
Event: 24.542 Thread 0x00000000172b7000 nmethod 7617 0x0000000003c60890 code [0x0000000003c60a00, 0x0000000003c60c50]
Event: 24.542 Thread 0x00000000172b7000 7618       3       org.gradle.internal.fingerprint.impl.DefaultFileCollectionSnapshotter$SnapshottingVisitor$$Lambda$80/1388671951::<init> (10 bytes)
Event: 24.542 Thread 0x00000000172b7000 nmethod 7618 0x0000000003c604d0 code [0x0000000003c60620, 0x0000000003c607f0]
Event: 24.547 Thread 0x00000000172b7000 7619       1       java.util.concurrent.TimeUnit$1::toMillis (6 bytes)
Event: 24.547 Thread 0x00000000172b7000 nmethod 7619 0x0000000003c601d0 code [0x0000000003c60320, 0x0000000003c60450]
Event: 24.549 Thread 0x00000000172b7000 7620       1       java.util.concurrent.atomic.AtomicReferenceArray::byteOffset (12 bytes)
Event: 24.549 Thread 0x00000000172b7000 nmethod 7620 0x0000000003c5ff10 code [0x0000000003c60060, 0x0000000003c60170]
Event: 24.550 Thread 0x00000000172b7000 7621       3       org.gradle.internal.fingerprint.impl.DefaultFileCollectionSnapshotter$SnapshottingVisitor$$Lambda$80/1388671951::apply (17 bytes)
Event: 24.551 Thread 0x00000000172b7000 nmethod 7621 0x0000000003c5f890 code [0x0000000003c5fa20, 0x0000000003c5fe08]

GC Heap History (10 events):
Event: 14.689 GC heap before
{Heap before GC invocations=15 (full 2):
 PSYoungGen      total 124416K, used 115200K [0x00000000d5580000, 0x00000000dee00000, 0x0000000100000000)
  eden space 115200K, 100% used [0x00000000d5580000,0x00000000dc600000,0x00000000dc600000)
  from space 9216K, 0% used [0x00000000dcf00000,0x00000000dcf00000,0x00000000dd800000)
  to   space 9216K, 0% used [0x00000000dc600000,0x00000000dc600000,0x00000000dcf00000)
 ParOldGen       total 53760K, used 16641K [0x0000000080000000, 0x0000000083480000, 0x00000000d5580000)
  object space 53760K, 30% used [0x0000000080000000,0x00000000810407e8,0x0000000083480000)
 Metaspace       used 41156K, capacity 42644K, committed 42792K, reserved 1085440K
  class space    used 5673K, capacity 6075K, committed 6184K, reserved 1048576K
Event: 14.710 GC heap after
Heap after GC invocations=15 (full 2):
 PSYoungGen      total 124416K, used 9203K [0x00000000d5580000, 0x00000000dfc80000, 0x0000000100000000)
  eden space 115200K, 0% used [0x00000000d5580000,0x00000000d5580000,0x00000000dc600000)
  from space 9216K, 99% used [0x00000000dc600000,0x00000000dcefccc0,0x00000000dcf00000)
  to   space 10752K, 0% used [0x00000000df200000,0x00000000df200000,0x00000000dfc80000)
 ParOldGen       total 53760K, used 17273K [0x0000000080000000, 0x0000000083480000, 0x00000000d5580000)
  object space 53760K, 32% used [0x0000000080000000,0x00000000810de5d0,0x0000000083480000)
 Metaspace       used 41156K, capacity 42644K, committed 42792K, reserved 1085440K
  class space    used 5673K, capacity 6075K, committed 6184K, reserved 1048576K
}
Event: 16.864 GC heap before
{Heap before GC invocations=16 (full 2):
 PSYoungGen      total 124416K, used 124403K [0x00000000d5580000, 0x00000000dfc80000, 0x0000000100000000)
  eden space 115200K, 100% used [0x00000000d5580000,0x00000000dc600000,0x00000000dc600000)
  from space 9216K, 99% used [0x00000000dc600000,0x00000000dcefccc0,0x00000000dcf00000)
  to   space 10752K, 0% used [0x00000000df200000,0x00000000df200000,0x00000000dfc80000)
 ParOldGen       total 53760K, used 17273K [0x0000000080000000, 0x0000000083480000, 0x00000000d5580000)
  object space 53760K, 32% used [0x0000000080000000,0x00000000810de5d0,0x0000000083480000)
 Metaspace       used 50506K, capacity 52330K, committed 52648K, reserved 1095680K
  class space    used 6776K, capacity 7231K, committed 7336K, reserved 1048576K
Event: 16.908 GC heap after
Heap after GC invocations=16 (full 2):
 PSYoungGen      total 155648K, used 10749K [0x00000000d5580000, 0x00000000e0580000, 0x0000000100000000)
  eden space 144896K, 0% used [0x00000000d5580000,0x00000000d5580000,0x00000000de300000)
  from space 10752K, 99% used [0x00000000df200000,0x00000000dfc7f5d8,0x00000000dfc80000)
  to   space 15360K, 0% used [0x00000000de300000,0x00000000de300000,0x00000000df200000)
 ParOldGen       total 53760K, used 25623K [0x0000000080000000, 0x0000000083480000, 0x00000000d5580000)
  object space 53760K, 47% used [0x0000000080000000,0x0000000081905f90,0x0000000083480000)
 Metaspace       used 50506K, capacity 52330K, committed 52648K, reserved 1095680K
  class space    used 6776K, capacity 7231K, committed 7336K, reserved 1048576K
}
Event: 18.649 GC heap before
{Heap before GC invocations=17 (full 2):
 PSYoungGen      total 155648K, used 91319K [0x00000000d5580000, 0x00000000e0580000, 0x0000000100000000)
  eden space 144896K, 55% used [0x00000000d5580000,0x00000000da42e7c0,0x00000000de300000)
  from space 10752K, 99% used [0x00000000df200000,0x00000000dfc7f5d8,0x00000000dfc80000)
  to   space 15360K, 0% used [0x00000000de300000,0x00000000de300000,0x00000000df200000)
 ParOldGen       total 53760K, used 25623K [0x0000000080000000, 0x0000000083480000, 0x00000000d5580000)
  object space 53760K, 47% used [0x0000000080000000,0x0000000081905f90,0x0000000083480000)
 Metaspace       used 56936K, capacity 59076K, committed 59160K, reserved 1099776K
  class space    used 7785K, capacity 8298K, committed 8360K, reserved 1048576K
Event: 18.690 GC heap after
Heap after GC invocations=17 (full 2):
 PSYoungGen      total 160256K, used 8031K [0x00000000d5580000, 0x00000000e2b00000, 0x0000000100000000)
  eden space 144896K, 0% used [0x00000000d5580000,0x00000000d5580000,0x00000000de300000)
  from space 15360K, 52% used [0x00000000de300000,0x00000000dead7c68,0x00000000df200000)
  to   space 14848K, 0% used [0x00000000e1c80000,0x00000000e1c80000,0x00000000e2b00000)
 ParOldGen       total 53760K, used 33457K [0x0000000080000000, 0x0000000083480000, 0x00000000d5580000)
  object space 53760K, 62% used [0x0000000080000000,0x00000000820ac6d8,0x0000000083480000)
 Metaspace       used 56936K, capacity 59076K, committed 59160K, reserved 1099776K
  class space    used 7785K, capacity 8298K, committed 8360K, reserved 1048576K
}
Event: 18.690 GC heap before
{Heap before GC invocations=18 (full 3):
 PSYoungGen      total 160256K, used 8031K [0x00000000d5580000, 0x00000000e2b00000, 0x0000000100000000)
  eden space 144896K, 0% used [0x00000000d5580000,0x00000000d5580000,0x00000000de300000)
  from space 15360K, 52% used [0x00000000de300000,0x00000000dead7c68,0x00000000df200000)
  to   space 14848K, 0% used [0x00000000e1c80000,0x00000000e1c80000,0x00000000e2b00000)
 ParOldGen       total 53760K, used 33457K [0x0000000080000000, 0x0000000083480000, 0x00000000d5580000)
  object space 53760K, 62% used [0x0000000080000000,0x00000000820ac6d8,0x0000000083480000)
 Metaspace       used 56936K, capacity 59076K, committed 59160K, reserved 1099776K
  class space    used 7785K, capacity 8298K, committed 8360K, reserved 1048576K
Event: 19.067 GC heap after
Heap after GC invocations=18 (full 3):
 PSYoungGen      total 160256K, used 0K [0x00000000d5580000, 0x00000000e2b00000, 0x0000000100000000)
  eden space 144896K, 0% used [0x00000000d5580000,0x00000000d5580000,0x00000000de300000)
  from space 15360K, 0% used [0x00000000de300000,0x00000000de300000,0x00000000df200000)
  to   space 14848K, 0% used [0x00000000e1c80000,0x00000000e1c80000,0x00000000e2b00000)
 ParOldGen       total 89088K, used 35476K [0x0000000080000000, 0x0000000085700000, 0x00000000d5580000)
  object space 89088K, 39% used [0x0000000080000000,0x00000000822a5040,0x0000000085700000)
 Metaspace       used 56929K, capacity 59052K, committed 59160K, reserved 1099776K
  class space    used 7783K, capacity 8294K, committed 8360K, reserved 1048576K
}
Event: 22.815 GC heap before
{Heap before GC invocations=19 (full 3):
 PSYoungGen      total 160256K, used 144896K [0x00000000d5580000, 0x00000000e2b00000, 0x0000000100000000)
  eden space 144896K, 100% used [0x00000000d5580000,0x00000000de300000,0x00000000de300000)
  from space 15360K, 0% used [0x00000000de300000,0x00000000de300000,0x00000000df200000)
  to   space 14848K, 0% used [0x00000000e1c80000,0x00000000e1c80000,0x00000000e2b00000)
 ParOldGen       total 89088K, used 35476K [0x0000000080000000, 0x0000000085700000, 0x00000000d5580000)
  object space 89088K, 39% used [0x0000000080000000,0x00000000822a5040,0x0000000085700000)
 Metaspace       used 64824K, capacity 67310K, committed 67496K, reserved 1107968K
  class space    used 8972K, capacity 9544K, committed 9640K, reserved 1048576K
Event: 22.842 GC heap after
Heap after GC invocations=19 (full 3):
 PSYoungGen      total 188416K, used 12958K [0x00000000d5580000, 0x00000000e2980000, 0x0000000100000000)
  eden space 175104K, 0% used [0x00000000d5580000,0x00000000d5580000,0x00000000e0080000)
  from space 13312K, 97% used [0x00000000e1c80000,0x00000000e2927a40,0x00000000e2980000)
  to   space 16384K, 0% used [0x00000000e0980000,0x00000000e0980000,0x00000000e1980000)
 ParOldGen       total 89088K, used 35484K [0x0000000080000000, 0x0000000085700000, 0x00000000d5580000)
  object space 89088K, 39% used [0x0000000080000000,0x00000000822a7040,0x0000000085700000)
 Metaspace       used 64824K, capacity 67310K, committed 67496K, reserved 1107968K
  class space    used 8972K, capacity 9544K, committed 9640K, reserved 1048576K
}

Deoptimization events (10 events):
Event: 23.357 Thread 0x0000000019ab2000 Uncommon trap: reason=bimorphic action=maybe_recompile pc=0x0000000002c85b00 method=java.util.concurrent.ConcurrentHashMap.putVal(Ljava/lang/Object;Ljava/lang/Object;Z)Ljava/lang/Object; @ 192
Event: 23.359 Thread 0x0000000019aba000 Uncommon trap: reason=unstable_if action=reinterpret pc=0x0000000002b86c5c method=java.util.concurrent.ConcurrentHashMap.addCount(JI)V @ 34
Event: 23.360 Thread 0x0000000019ab9800 Uncommon trap: reason=unstable_if action=reinterpret pc=0x00000000035a7948 method=java.util.concurrent.ConcurrentHashMap.addCount(JI)V @ 7
Event: 23.717 Thread 0x000000001af02800 Uncommon trap: reason=unstable_if action=reinterpret pc=0x00000000031d4e08 method=org.gradle.internal.snapshot.PathUtil.equalChars(CCLorg/gradle/internal/snapshot/CaseSensitivity;)Z @ 11
Event: 23.830 Thread 0x0000000019ab9800 Uncommon trap: reason=unstable_if action=reinterpret pc=0x000000000296bcbc method=java.lang.String$CaseInsensitiveComparator.compare(Ljava/lang/String;Ljava/lang/String;)I @ 70
Event: 23.886 Thread 0x000000001b2de800 Uncommon trap: reason=unstable_if action=reinterpret pc=0x00000000037c6f6c method=com.esotericsoftware.kryo.io.Input.readUtf8(I)V @ 79
Event: 23.886 Thread 0x000000001b2de800 Uncommon trap: reason=unstable_if action=reinterpret pc=0x000000000312ab1c method=com.esotericsoftware.kryo.io.Input.readUtf8(I)V @ 79
Event: 23.986 Thread 0x000000001b2de800 Uncommon trap: reason=unstable_if action=reinterpret pc=0x00000000037a98f0 method=com.esotericsoftware.kryo.io.Input.readVarInt(Z)I @ 42
Event: 24.219 Thread 0x000000001b2de800 Uncommon trap: reason=unstable_if action=reinterpret pc=0x00000000036e8c30 method=com.esotericsoftware.kryo.io.Input.readVarInt(Z)I @ 42
Event: 24.545 Thread 0x0000000019ab3800 Uncommon trap: reason=unstable_if action=reinterpret pc=0x0000000003a50654 method=org.gradle.internal.time.MonotonicClock.advance(J)J @ 25

Classes redefined (0 events):
No events

Internal exceptions (10 events):
Event: 22.207 Thread 0x000000001af02800 Exception <a 'java/lang/ClassNotFoundException': org/gradle/api/internal/tasks/DefaultSourceSetContainer_DecoratedCustomizer> (0x00000000dc1de7b0) thrown at [C:\src\AOSP-openjdk-git\hotspot\src\share\vm\classfile\systemDictionary.cpp, line 210]
Event: 22.431 Thread 0x000000001af02800 Exception <a 'java/lang/ClassNotFoundException': com/sun/org/glassfish/hk2/osgiresourcelocator/ServiceLoader> (0x00000000dca58308) thrown at [C:\src\AOSP-openjdk-git\hotspot\src\share\vm\classfile\systemDictionary.cpp, line 210]
Event: 22.475 Thread 0x000000001af02800 Exception <a 'java/lang/NullPointerException'> (0x00000000dceb7658) thrown at [C:\src\AOSP-openjdk-git\hotspot\src\share\vm\interpreter\linkResolver.cpp, line 1287]
Event: 22.974 Thread 0x000000001af02800 Exception <a 'java/lang/reflect/InvocationTargetException'> (0x00000000d57a98e8) thrown at [C:\src\AOSP-openjdk-git\hotspot\src\share\vm\runtime\reflection.cpp, line 1092]
Event: 23.661 Thread 0x000000001af02800 Exception <a 'java/lang/NoSuchMethodError': java.lang.Object.lambda$flatMap$1(Ljava/util/function/Function;Lorg/gradle/internal/Try;)Lorg/gradle/api/internal/artifacts/transform/CacheableInvocation;> (0x00000000d7108c58) thrown at [C:\src\AOSP-openjdk-git
Event: 23.662 Thread 0x000000001af02800 Exception <a 'java/lang/NoSuchMethodError': java.lang.Object.lambda$flatMap$4(Ljava/util/function/Function;)Lorg/gradle/api/internal/artifacts/transform/CacheableInvocation;> (0x00000000d710d828) thrown at [C:\src\AOSP-openjdk-git\hotspot\src\share\vm\int
Event: 23.663 Thread 0x000000001af02800 Exception <a 'java/lang/NoSuchMethodError': java.lang.Object.lambda$flatMap$3(Ljava/util/function/Function;)Lorg/gradle/internal/Try;> (0x00000000d7112e88) thrown at [C:\src\AOSP-openjdk-git\hotspot\src\share\vm\interpreter\linkResolver.cpp, line 620]
Event: 23.803 Thread 0x0000000019ab2000 Exception <a 'java/lang/NoSuchMethodError': java.lang.Object.lambda$flatMap$2(Ljava/util/function/Function;Ljava/lang/Object;)Lorg/gradle/internal/Try;> (0x00000000d7a08840) thrown at [C:\src\AOSP-openjdk-git\hotspot\src\share\vm\interpreter\linkResolver.
Event: 23.803 Thread 0x0000000019ab3800 Exception <a 'java/lang/NoSuchMethodError': java.lang.Object.lambda$flatMap$2(Ljava/util/function/Function;Ljava/lang/Object;)Lorg/gradle/internal/Try;> (0x00000000d7a4ee00) thrown at [C:\src\AOSP-openjdk-git\hotspot\src\share\vm\interpreter\linkResolver.
Event: 23.991 Thread 0x0000000019ab3800 Exception <a 'java/lang/NoSuchMethodError': java.lang.Object.lambda$flatMap$0(Ljava/lang/Throwable;)Lorg/gradle/api/internal/artifacts/transform/CacheableInvocation;> (0x00000000d7c820d8) thrown at [C:\src\AOSP-openjdk-git\hotspot\src\share\vm\interpreter

Events (10 events):
Event: 24.230 Thread 0x000000001b2de800 DEOPT UNPACKING pc=0x00000000026c75d0 sp=0x0000000020cede60 mode 0
Event: 24.230 Thread 0x000000001b2de800 DEOPT PACKING pc=0x0000000003b3fca6 sp=0x0000000020cee140
Event: 24.230 Thread 0x000000001b2de800 DEOPT UNPACKING pc=0x00000000026c75d0 sp=0x0000000020cede60 mode 0
Event: 24.271 Executing VM operation: ForceSafepoint
Event: 24.272 Executing VM operation: ForceSafepoint done
Event: 24.300 Thread 0x0000000019aba000 DEOPT PACKING pc=0x00000000030e513b sp=0x00000000232bc320
Event: 24.300 Thread 0x0000000019aba000 DEOPT UNPACKING pc=0x00000000026c75d0 sp=0x00000000232bc048 mode 0
Event: 24.545 Thread 0x0000000019ab3800 Uncommon trap: trap_request=0xffffff65 fr.pc=0x0000000003a50654
Event: 24.545 Thread 0x0000000019ab3800 DEOPT PACKING pc=0x0000000003a50654 sp=0x0000000021feca80
Event: 24.545 Thread 0x0000000019ab3800 DEOPT UNPACKING pc=0x00000000026c557b sp=0x0000000021fec978 mode 2


Dynamic libraries:
0x00007ff624ba0000 - 0x00007ff624bd1000 	C:\Program Files\Android\Android Studio\jre\bin\java.exe
0x00007fff6b9b0000 - 0x00007fff6bba6000 	C:\WINDOWS\SYSTEM32\ntdll.dll
0x00007fff6af50000 - 0x00007fff6b00d000 	C:\WINDOWS\System32\KERNEL32.DLL
0x00007fff695c0000 - 0x00007fff69888000 	C:\WINDOWS\System32\KERNELBASE.dll
0x00007fff6a8c0000 - 0x00007fff6a96c000 	C:\WINDOWS\System32\ADVAPI32.dll
0x00007fff6a640000 - 0x00007fff6a6de000 	C:\WINDOWS\System32\msvcrt.dll
0x00007fff6b8d0000 - 0x00007fff6b96b000 	C:\WINDOWS\System32\sechost.dll
0x00007fff6b7a0000 - 0x00007fff6b8c4000 	C:\WINDOWS\System32\RPCRT4.dll
0x00007fff6b5a0000 - 0x00007fff6b740000 	C:\WINDOWS\System32\USER32.dll
0x00007fff69990000 - 0x00007fff699b2000 	C:\WINDOWS\System32\win32u.dll
0x00007fff6a890000 - 0x00007fff6a8ba000 	C:\WINDOWS\System32\GDI32.dll
0x00007fff691a0000 - 0x00007fff692a9000 	C:\WINDOWS\System32\gdi32full.dll
0x00007fff69520000 - 0x00007fff695bd000 	C:\WINDOWS\System32\msvcp_win.dll
0x00007fff69890000 - 0x00007fff69990000 	C:\WINDOWS\System32\ucrtbase.dll
0x00007fff52380000 - 0x00007fff5261b000 	C:\WINDOWS\WinSxS\amd64_microsoft.windows.common-controls_6595b64144ccf1df_6.0.19041.488_none_ca04af081b815d21\COMCTL32.dll
0x00007fff6a6e0000 - 0x00007fff6a710000 	C:\WINDOWS\System32\IMM32.DLL
0x0000000060780000 - 0x0000000060852000 	C:\Program Files\Android\Android Studio\jre\jre\bin\msvcr100.dll
0x0000000060860000 - 0x00000000610ab000 	C:\Program Files\Android\Android Studio\jre\jre\bin\server\jvm.dll
0x00007fff6a7a0000 - 0x00007fff6a7a8000 	C:\WINDOWS\System32\PSAPI.DLL
0x00007fff64aa0000 - 0x00007fff64aa9000 	C:\WINDOWS\SYSTEM32\WSOCK32.dll
0x00007fff615b0000 - 0x00007fff615ba000 	C:\WINDOWS\SYSTEM32\VERSION.dll
0x00007fff562a0000 - 0x00007fff562c7000 	C:\WINDOWS\SYSTEM32\WINMM.dll
0x00007fff6a5d0000 - 0x00007fff6a63b000 	C:\WINDOWS\System32\WS2_32.dll
0x00007fff62ee0000 - 0x00007fff62eef000 	C:\Program Files\Android\Android Studio\jre\jre\bin\verify.dll
0x00007fff62dd0000 - 0x00007fff62df9000 	C:\Program Files\Android\Android Studio\jre\jre\bin\java.dll
0x00007fff62ec0000 - 0x00007fff62ed6000 	C:\Program Files\Android\Android Studio\jre\jre\bin\zip.dll
0x00007fff69a10000 - 0x00007fff6a151000 	C:\WINDOWS\System32\SHELL32.dll
0x00007fff67240000 - 0x00007fff679d5000 	C:\WINDOWS\SYSTEM32\windows.storage.dll
0x00007fff6b010000 - 0x00007fff6b365000 	C:\WINDOWS\System32\combase.dll
0x00007fff68a90000 - 0x00007fff68abc000 	C:\WINDOWS\SYSTEM32\Wldp.dll
0x00007fff6ab50000 - 0x00007fff6abfe000 	C:\WINDOWS\System32\SHCORE.dll
0x00007fff6ae10000 - 0x00007fff6ae65000 	C:\WINDOWS\System32\shlwapi.dll
0x00007fff69020000 - 0x00007fff69046000 	C:\WINDOWS\SYSTEM32\profapi.dll
0x00007fff62db0000 - 0x00007fff62dca000 	C:\Program Files\Android\Android Studio\jre\jre\bin\net.dll
0x00007fff68810000 - 0x00007fff6887a000 	C:\WINDOWS\system32\mswsock.dll
0x00007fff60d70000 - 0x00007fff60d83000 	C:\Program Files\Android\Android Studio\jre\jre\bin\nio.dll
0x00007fff62fa0000 - 0x00007fff62fc6000 	C:\Users\EL-Kady EzZaT\.gradle\native\31\windows-amd64\native-platform.dll
0x00007fff60d60000 - 0x00007fff60d6d000 	C:\Program Files\Android\Android Studio\jre\jre\bin\management.dll
0x00007fff689e0000 - 0x00007fff689f8000 	C:\WINDOWS\SYSTEM32\CRYPTSP.dll
0x00007fff681a0000 - 0x00007fff681d4000 	C:\WINDOWS\system32\rsaenh.dll
0x00007fff690f0000 - 0x00007fff69117000 	C:\WINDOWS\System32\bcrypt.dll
0x00007fff68fa0000 - 0x00007fff68fce000 	C:\WINDOWS\SYSTEM32\USERENV.dll
0x00007fff69120000 - 0x00007fff6919f000 	C:\WINDOWS\System32\bcryptprimitives.dll
0x00007fff68a00000 - 0x00007fff68a0c000 	C:\WINDOWS\SYSTEM32\CRYPTBASE.dll
0x00007fff68500000 - 0x00007fff6853b000 	C:\WINDOWS\SYSTEM32\IPHLPAPI.DLL
0x00007fff6ae00000 - 0x00007fff6ae08000 	C:\WINDOWS\System32\NSI.dll
0x00007fff621c0000 - 0x00007fff621d7000 	C:\WINDOWS\SYSTEM32\dhcpcsvc6.DLL
0x00007fff621a0000 - 0x00007fff621bd000 	C:\WINDOWS\SYSTEM32\dhcpcsvc.DLL
0x00007fff68540000 - 0x00007fff6860b000 	C:\WINDOWS\SYSTEM32\DNSAPI.dll

VM Arguments:
jvm_args: -Xmx2048m -Dfile.encoding=windows-1252 -Duser.country=US -Duser.language=en -Duser.variant 
java_command: org.gradle.launcher.daemon.bootstrap.GradleDaemon 6.1.1
java_class_path (initial): C:\Users\EL-Kady EzZaT\.gradle\wrapper\dists\gradle-6.1.1-all\cfmwm155h49vnt3hynmlrsdst\gradle-6.1.1\lib\gradle-launcher-6.1.1.jar
Launcher Type: SUN_STANDARD

Environment Variables:
PATH=C:\WINDOWS\system32;C:\WINDOWS;C:\WINDOWS\System32\Wbem;C:\WINDOWS\System32\WindowsPowerShell\v1.0\;C:\WINDOWS\System32\OpenSSH\;C:\Program Files\Microsoft\Web Platform Installer\;C:\Program Files (x86)\Microsoft ASP.NET\ASP.NET Web Pages\v1.0\;C:\Program Files\Microsoft SQL Server\110\Tools\Binn\;C:\Program Files (x86)\Microsoft SQL Server\100\Tools\Binn\;C:\Program Files\Microsoft SQL Server\100\Tools\Binn\;C:\Program Files\Microsoft SQL Server\100\DTS\Binn\;C:\Users\EL-Kady EzZaT\AppData\Local\Microsoft\WindowsApps;
USERNAME=EL-Kady EzZaT
OS=Windows_NT
PROCESSOR_IDENTIFIER=Intel64 Family 6 Model 42 Stepping 7, GenuineIntel



---------------  S Y S T E M  ---------------

OS: Windows 10.0 , 64 bit Build 19041 (10.0.19041.546)

CPU:total 4 (initial active 4) (2 cores per cpu, 2 threads per core) family 6 model 42 stepping 7, cmov, cx8, fxsr, mmx, sse, sse2, sse3, ssse3, sse4.1, sse4.2, popcnt, avx, aes, clmul, ht, tsc, tscinvbit

Memory: 4k page, physical 4102504k(453060k free), swap 4102504k(5372k free)

vm_info: OpenJDK 64-Bit Server VM (25.242-b01) for windows-amd64 JRE (1.8.0_242-release-1644-b01), built by "builder" with MS VC++ 10.0 (VS2010)

time: Thu Nov 19 22:25:39 2020
timezone: Egypt Standard Time
elapsed time: 24 seconds (0d 0h 0m 24s)

