#
# There is insufficient memory for the Java Runtime Environment to continue.
# Native memory allocation (malloc) failed to allocate 1628976 bytes for Chunk::new
# Possible reasons:
#   The system is out of physical RAM or swap space
#   The process is running with CompressedOops enabled, and the Java Heap may be blocking the growth of the native heap
# Possible solutions:
#   Reduce memory load on the system
#   Increase physical memory or swap space
#   Check if swap backing store is full
#   Decrease Java heap size (-Xmx/-Xms)
#   Decrease number of Java threads
#   Decrease Java thread stack sizes (-Xss)
#   Set larger code cache with -XX:ReservedCodeCacheSize=
#   JVM is running with Unscaled Compressed Oops mode in which the Java heap is
#     placed in the first 4GB address space. The Java Heap base address is the
#     maximum limit for the native heap growth. Please use -XX:HeapBaseMinAddress
#     to set the Java Heap base and to place the Java Heap above 4GB virtual address.
# This output file may be truncated or incomplete.
#
#  Out of Memory Error (allocation.cpp:389), pid=6476, tid=0x00000000000014d8
#
# JRE version: OpenJDK Runtime Environment (8.0_242-b01) (build 1.8.0_242-release-1644-b01)
# Java VM: OpenJDK 64-Bit Server VM (25.242-b01 mixed mode windows-amd64 compressed oops)
# Failed to write core dump. Minidumps are not enabled by default on client versions of Windows
#

---------------  T H R E A D  ---------------

Current thread (0x0000000017396800):  JavaThread "C2 CompilerThread0" daemon [_thread_in_native, id=5336, stack(0x00000000189e0000,0x0000000018ae0000)]

Stack: [0x00000000189e0000,0x0000000018ae0000]
[error occurred during error reporting (printing stack bounds), id 0xc0000005]

Native frames: (J=compiled Java code, j=interpreted, Vv=VM code, C=native code)


Current CompileTask:
C2:  33217 9685   !   4       java.io.ObjectInputStream::readObject0 (671 bytes)


---------------  P R O C E S S  ---------------

Java Threads: ( => current thread )
  0x0000000019e15000 JavaThread "stdout" [_thread_in_native, id=7600, stack(0x00000000267e0000,0x00000000268e0000)]
  0x0000000019e0a800 JavaThread "stderr" [_thread_in_native, id=7560, stack(0x00000000266e0000,0x00000000267e0000)]
  0x0000000019e11800 JavaThread "stdout" [_thread_in_native, id=2556, stack(0x00000000265e0000,0x00000000266e0000)]
  0x0000000019e0a000 JavaThread "stderr" [_thread_in_native, id=6524, stack(0x00000000264e0000,0x00000000265e0000)]
  0x0000000019e10800 JavaThread "stdout" [_thread_in_native, id=1740, stack(0x00000000263e0000,0x00000000264e0000)]
  0x0000000019e10000 JavaThread "stderr" [_thread_in_native, id=7204, stack(0x00000000262e0000,0x00000000263e0000)]
  0x0000000019e0f000 JavaThread "stdout" [_thread_in_native, id=7484, stack(0x00000000261e0000,0x00000000262e0000)]
  0x0000000019e0e800 JavaThread "stderr" [_thread_in_native, id=636, stack(0x00000000260e0000,0x00000000261e0000)]
  0x0000000019e06000 JavaThread "pool-2-thread-1" [_thread_blocked, id=1472, stack(0x0000000025fe0000,0x00000000260e0000)]
  0x0000000019e07800 JavaThread "MarlinRenderer Disposer" daemon [_thread_blocked, id=7136, stack(0x0000000025de0000,0x0000000025ee0000)]
  0x0000000019e08800 JavaThread "Java2D Disposer" daemon [_thread_blocked, id=1180, stack(0x0000000025930000,0x0000000025a30000)]
  0x0000000019e0d800 JavaThread "WorkerExecutor Queue Thread 4" [_thread_blocked, id=8168, stack(0x0000000025730000,0x0000000025830000)]
  0x0000000019e0b800 JavaThread "WorkerExecutor Queue Thread 3" [_thread_blocked, id=5516, stack(0x0000000025630000,0x0000000025730000)]
  0x0000000019e0c000 JavaThread "WorkerExecutor Queue Thread 2" [_thread_blocked, id=9056, stack(0x0000000025530000,0x0000000025630000)]
  0x0000000019082800 JavaThread "WorkerExecutor Queue" [_thread_blocked, id=8732, stack(0x0000000025230000,0x0000000025330000)]
  0x0000000019084800 JavaThread "Cache worker for execution history cache (D:\Applications\Exam\.gradle\6.1.1\executionHistory)" [_thread_blocked, id=8220, stack(0x0000000024f30000,0x0000000025030000)]
  0x0000000019085800 JavaThread "Execution worker for ':' Thread 3" [_thread_blocked, id=5968, stack(0x0000000024e30000,0x0000000024f30000)]
  0x0000000019083000 JavaThread "Execution worker for ':' Thread 2" [_thread_blocked, id=6104, stack(0x0000000024d30000,0x0000000024e30000)]
  0x0000000019088800 JavaThread "Execution worker for ':'" [_thread_blocked, id=3064, stack(0x0000000023f90000,0x0000000024090000)]
  0x0000000019087000 JavaThread "Cache worker for file content cache (D:\Applications\Exam\.gradle\6.1.1\fileContent)" [_thread_blocked, id=2488, stack(0x0000000023e90000,0x0000000023f90000)]
  0x0000000019089000 JavaThread "Cache worker for file content cache (C:\Users\EL-Kady EzZaT\.gradle\caches\6.1.1\fileContent)" [_thread_blocked, id=9052, stack(0x0000000023d90000,0x0000000023e90000)]
  0x0000000019086000 JavaThread "Memory manager" [_thread_blocked, id=3372, stack(0x0000000023c90000,0x0000000023d90000)]
  0x0000000019081800 JavaThread "Cache worker for Build Output Cleanup Cache (D:\Applications\Exam\.gradle\buildOutputCleanup)" [_thread_blocked, id=3672, stack(0x0000000021b10000,0x0000000021c10000)]
  0x000000001907e000 JavaThread "Build operations Thread 4" [_thread_blocked, id=6396, stack(0x0000000021810000,0x0000000021910000)]
  0x000000001907a000 JavaThread "Build operations Thread 3" [_thread_blocked, id=4864, stack(0x0000000021710000,0x0000000021810000)]
  0x000000001907c800 JavaThread "Build operations Thread 2" [_thread_blocked, id=4400, stack(0x0000000021610000,0x0000000021710000)]
  0x000000001907f800 JavaThread "Build operations" [_thread_blocked, id=5504, stack(0x000000001fba0000,0x000000001fca0000)]
  0x000000001b0e1000 JavaThread "Cache worker for execution history cache (C:\Users\EL-Kady EzZaT\.gradle\caches\6.1.1\executionHistory)" [_thread_blocked, id=1980, stack(0x000000001faa0000,0x000000001fba0000)]
  0x000000001b0e2000 JavaThread "Cache worker for cache directory md-rule (C:\Users\EL-Kady EzZaT\.gradle\caches\6.1.1\md-rule)" [_thread_blocked, id=5728, stack(0x000000001f9a0000,0x000000001faa0000)]
  0x000000001b0e2800 JavaThread "Cache worker for cache directory md-supplier (C:\Users\EL-Kady EzZaT\.gradle\caches\6.1.1\md-supplier)" [_thread_blocked, id=4956, stack(0x000000001f6a0000,0x000000001f7a0000)]
  0x000000001b0e8000 JavaThread "Cache worker for file hash cache (D:\Applications\Exam\.gradle\6.1.1\fileHashes)" [_thread_blocked, id=3280, stack(0x000000001f3a0000,0x000000001f4a0000)]
  0x000000001b0e4000 JavaThread "Cache worker for checksums cache (D:\Applications\Exam\.gradle\checksums)" [_thread_blocked, id=1768, stack(0x0000000020d10000,0x0000000020e10000)]
  0x000000001b0e7000 JavaThread "Cache worker for file hash cache (C:\Users\EL-Kady EzZaT\.gradle\caches\6.1.1\fileHashes)" [_thread_blocked, id=1388, stack(0x000000001d100000,0x000000001d200000)]
  0x000000001b0e5000 JavaThread "File lock request listener" [_thread_in_native, id=8496, stack(0x000000001d000000,0x000000001d100000)]
  0x000000001aed9800 JavaThread "Cache worker for journal cache (C:\Users\EL-Kady EzZaT\.gradle\caches\journal-1)" [_thread_blocked, id=8060, stack(0x000000001cf00000,0x000000001d000000)]
  0x000000001a7d8000 JavaThread "Thread-9" [_thread_blocked, id=5752, stack(0x000000001cc00000,0x000000001cd00000)]
  0x000000001a841800 JavaThread "Stdin handler" [_thread_blocked, id=7792, stack(0x000000001cb00000,0x000000001cc00000)]
  0x000000001a83b800 JavaThread "Asynchronous log dispatcher for DefaultDaemonConnection: socket connection from /127.0.0.1:49857 to /127.0.0.1:49858" [_thread_blocked, id=7620, stack(0x000000001ca00000,0x000000001cb00000)]
  0x000000001a830000 JavaThread "Daemon worker" [_thread_blocked, id=2288, stack(0x000000001c900000,0x000000001ca00000)]
  0x000000001a82f000 JavaThread "Cancel handler" [_thread_blocked, id=4112, stack(0x000000001c800000,0x000000001c900000)]
  0x000000001ac34000 JavaThread "Handler for socket connection from /127.0.0.1:49857 to /127.0.0.1:49858" [_thread_in_native, id=5524, stack(0x000000001c500000,0x000000001c600000)]
  0x000000001a67e800 JavaThread "Daemon" [_thread_blocked, id=5088, stack(0x000000001c400000,0x000000001c500000)]
  0x000000001add2800 JavaThread "Daemon periodic checks" [_thread_blocked, id=8684, stack(0x000000001c300000,0x000000001c400000)]
  0x000000001ac7f800 JavaThread "Incoming local TCP Connector on port 49857" [_thread_in_native, id=6816, stack(0x000000001c0c0000,0x000000001c1c0000)]
  0x000000001ac52000 JavaThread "Daemon health stats" [_thread_blocked, id=6236, stack(0x000000001ba80000,0x000000001bb80000)]
  0x0000000018d00800 JavaThread "Service Thread" daemon [_thread_blocked, id=5200, stack(0x00000000190e0000,0x00000000191e0000)]
  0x00000000173a3000 JavaThread "C1 CompilerThread2" daemon [_thread_blocked, id=5040, stack(0x0000000018be0000,0x0000000018ce0000)]
  0x000000001739b000 JavaThread "C2 CompilerThread1" daemon [_thread_blocked, id=7644, stack(0x0000000018ae0000,0x0000000018be0000)]
=>0x0000000017396800 JavaThread "C2 CompilerThread0" daemon [_thread_in_native, id=5336, stack(0x00000000189e0000,0x0000000018ae0000)]
  0x0000000017393000 JavaThread "Attach Listener" daemon [_thread_blocked, id=8720, stack(0x00000000188e0000,0x00000000189e0000)]
  0x0000000017392000 JavaThread "Signal Dispatcher" daemon [_thread_blocked, id=932, stack(0x00000000187e0000,0x00000000188e0000)]
  0x000000000268c000 JavaThread "Finalizer" daemon [_thread_blocked, id=2128, stack(0x00000000185e0000,0x00000000186e0000)]
  0x0000000017379000 JavaThread "Reference Handler" daemon [_thread_blocked, id=8124, stack(0x00000000184e0000,0x00000000185e0000)]
  0x000000000276e000 JavaThread "main" [_thread_blocked, id=2184, stack(0x0000000000c60000,0x0000000000d60000)]

Other Threads:
  0x0000000017356000 VMThread [stack: 0x00000000183e0000,0x00000000184e0000] [id=8460]
  0x0000000018d01000 WatcherThread [stack: 0x00000000191e0000,0x00000000192e0000] [id=8632]

VM state:not at safepoint (normal execution)

VM Mutex/Monitor currently owned by a thread: None

heap address: 0x0000000080000000, size: 2048 MB, Compressed Oops mode: 32-bit
Narrow klass base: 0x0000000000000000, Narrow klass shift: 3
Compressed class space size: 1073741824 Address: 0x0000000100000000

Heap:
 PSYoungGen      total 300544K, used 40274K [0x00000000d5580000, 0x00000000e9500000, 0x0000000100000000)
  eden space 278016K, 8% used [0x00000000d5580000,0x00000000d6b66200,0x00000000e6500000)
  from space 22528K, 79% used [0x00000000e7e80000,0x00000000e8fee8a0,0x00000000e9480000)
  to   space 24576K, 0% used [0x00000000e6500000,0x00000000e6500000,0x00000000e7d00000)
 ParOldGen       total 89088K, used 55369K [0x0000000080000000, 0x0000000085700000, 0x00000000d5580000)
  object space 89088K, 62% used [0x0000000080000000,0x0000000083612640,0x0000000085700000)
 Metaspace       used 69886K, capacity 72581K, committed 72744K, reserved 1112064K
  class space    used 9377K, capacity 9980K, committed 10024K, reserved 1048576K

Card table byte_map: [0x0000000011b30000,0x0000000011f40000] byte_map_base: 0x0000000011730000

Marking Bits: (ParMarkBitMap*) 0x000000006102f030
 Begin Bits: [0x00000000125f0000, 0x00000000145f0000)
 End Bits:   [0x00000000145f0000, 0x00000000165f0000)

Polling page: 0x0000000000820000

CodeCache: size=245760Kb used=27371Kb max_used=27390Kb free=218388Kb
 bounds [0x0000000002770000, 0x0000000004290000, 0x0000000011770000]
 total_blobs=9190 nmethods=8239 adapters=864
 compilation: enabled

Compilation events (10 events):
Event: 32.939 Thread 0x000000001739b000 9690       4       java.io.ObjectInputStream$HandleTable::assign (48 bytes)
Event: 32.946 Thread 0x000000001739b000 nmethod 9690 0x0000000003fb7910 code [0x0000000003fb7a80, 0x0000000003fb80b8]
Event: 32.946 Thread 0x000000001739b000 9695       4       java.io.ObjectInputStream::checkResolve (86 bytes)
Event: 32.947 Thread 0x000000001739b000 nmethod 9695 0x00000000035fe810 code [0x00000000035fe940, 0x00000000035fe9b8]
Event: 32.947 Thread 0x000000001739b000 9702       4       java.io.ObjectInputStream::readClassDesc (128 bytes)
Event: 32.997 Thread 0x000000001739b000 nmethod 9702 0x0000000003e96510 code [0x0000000003e96880, 0x0000000003e97df8]
Event: 32.997 Thread 0x000000001739b000 9716   !   4       java.io.ObjectStreamClass::newInstance (140 bytes)
Event: 33.005 Thread 0x000000001739b000 nmethod 9716 0x000000000405be50 code [0x000000000405bfe0, 0x000000000405c3c8]
Event: 33.005 Thread 0x000000001739b000 9711   !   4       java.io.ObjectInputStream::readOrdinaryObject (322 bytes)
Event: 33.087 Thread 0x000000001739b000 nmethod 9711 0x0000000003f61e50 code [0x0000000003f62160, 0x0000000003f63eb8]

GC Heap History (10 events):
Event: 12.752 GC heap before
{Heap before GC invocations=13 (full 2):
 PSYoungGen      total 194048K, used 181760K [0x00000000d5580000, 0x00000000e2400000, 0x0000000100000000)
  eden space 181760K, 100% used [0x00000000d5580000,0x00000000e0700000,0x00000000e0700000)
  from space 12288K, 0% used [0x00000000e1400000,0x00000000e1400000,0x00000000e2000000)
  to   space 13312K, 0% used [0x00000000e0700000,0x00000000e0700000,0x00000000e1400000)
 ParOldGen       total 52224K, used 15869K [0x0000000080000000, 0x0000000083300000, 0x00000000d5580000)
  object space 52224K, 30% used [0x0000000080000000,0x0000000080f7f7b8,0x0000000083300000)
 Metaspace       used 49180K, capacity 50685K, committed 50856K, reserved 1093632K
  class space    used 6576K, capacity 6978K, committed 7080K, reserved 1048576K
Event: 12.817 GC heap after
Heap after GC invocations=13 (full 2):
 PSYoungGen      total 195072K, used 13280K [0x00000000d5580000, 0x00000000e5e80000, 0x0000000100000000)
  eden space 181760K, 0% used [0x00000000d5580000,0x00000000d5580000,0x00000000e0700000)
  from space 13312K, 99% used [0x00000000e0700000,0x00000000e13f8368,0x00000000e1400000)
  to   space 18432K, 0% used [0x00000000e4c80000,0x00000000e4c80000,0x00000000e5e80000)
 ParOldGen       total 52224K, used 24710K [0x0000000080000000, 0x0000000083300000, 0x00000000d5580000)
  object space 52224K, 47% used [0x0000000080000000,0x0000000081821a30,0x0000000083300000)
 Metaspace       used 49180K, capacity 50685K, committed 50856K, reserved 1093632K
  class space    used 6576K, capacity 6978K, committed 7080K, reserved 1048576K
}
Event: 15.498 GC heap before
{Heap before GC invocations=14 (full 2):
 PSYoungGen      total 195072K, used 109329K [0x00000000d5580000, 0x00000000e5e80000, 0x0000000100000000)
  eden space 181760K, 52% used [0x00000000d5580000,0x00000000db34c150,0x00000000e0700000)
  from space 13312K, 99% used [0x00000000e0700000,0x00000000e13f8368,0x00000000e1400000)
  to   space 18432K, 0% used [0x00000000e4c80000,0x00000000e4c80000,0x00000000e5e80000)
 ParOldGen       total 52224K, used 24710K [0x0000000080000000, 0x0000000083300000, 0x00000000d5580000)
  object space 52224K, 47% used [0x0000000080000000,0x0000000081821a30,0x0000000083300000)
 Metaspace       used 57134K, capacity 59041K, committed 59160K, reserved 1099776K
  class space    used 7834K, capacity 8286K, committed 8360K, reserved 1048576K
Event: 15.543 GC heap after
Heap after GC invocations=14 (full 2):
 PSYoungGen      total 247808K, used 10481K [0x00000000d5580000, 0x00000000e5c00000, 0x0000000100000000)
  eden space 231936K, 0% used [0x00000000d5580000,0x00000000d5580000,0x00000000e3800000)
  from space 15872K, 66% used [0x00000000e4c80000,0x00000000e56bc5f8,0x00000000e5c00000)
  to   space 18432K, 0% used [0x00000000e3800000,0x00000000e3800000,0x00000000e4a00000)
 ParOldGen       total 52224K, used 36955K [0x0000000080000000, 0x0000000083300000, 0x00000000d5580000)
  object space 52224K, 70% used [0x0000000080000000,0x0000000082416d10,0x0000000083300000)
 Metaspace       used 57134K, capacity 59041K, committed 59160K, reserved 1099776K
  class space    used 7834K, capacity 8286K, committed 8360K, reserved 1048576K
}
Event: 15.543 GC heap before
{Heap before GC invocations=15 (full 3):
 PSYoungGen      total 247808K, used 10481K [0x00000000d5580000, 0x00000000e5c00000, 0x0000000100000000)
  eden space 231936K, 0% used [0x00000000d5580000,0x00000000d5580000,0x00000000e3800000)
  from space 15872K, 66% used [0x00000000e4c80000,0x00000000e56bc5f8,0x00000000e5c00000)
  to   space 18432K, 0% used [0x00000000e3800000,0x00000000e3800000,0x00000000e4a00000)
 ParOldGen       total 52224K, used 36955K [0x0000000080000000, 0x0000000083300000, 0x00000000d5580000)
  object space 52224K, 70% used [0x0000000080000000,0x0000000082416d10,0x0000000083300000)
 Metaspace       used 57134K, capacity 59041K, committed 59160K, reserved 1099776K
  class space    used 7834K, capacity 8286K, committed 8360K, reserved 1048576K
Event: 15.843 GC heap after
Heap after GC invocations=15 (full 3):
 PSYoungGen      total 247808K, used 0K [0x00000000d5580000, 0x00000000e5c00000, 0x0000000100000000)
  eden space 231936K, 0% used [0x00000000d5580000,0x00000000d5580000,0x00000000e3800000)
  from space 15872K, 0% used [0x00000000e4c80000,0x00000000e4c80000,0x00000000e5c00000)
  to   space 18432K, 0% used [0x00000000e3800000,0x00000000e3800000,0x00000000e4a00000)
 ParOldGen       total 89088K, used 35104K [0x0000000080000000, 0x0000000085700000, 0x00000000d5580000)
  object space 89088K, 39% used [0x0000000080000000,0x0000000082248250,0x0000000085700000)
 Metaspace       used 57121K, capacity 58993K, committed 59160K, reserved 1099776K
  class space    used 7829K, capacity 8278K, committed 8360K, reserved 1048576K
}
Event: 26.660 GC heap before
{Heap before GC invocations=16 (full 3):
 PSYoungGen      total 247808K, used 231936K [0x00000000d5580000, 0x00000000e5c00000, 0x0000000100000000)
  eden space 231936K, 100% used [0x00000000d5580000,0x00000000e3800000,0x00000000e3800000)
  from space 15872K, 0% used [0x00000000e4c80000,0x00000000e4c80000,0x00000000e5c00000)
  to   space 18432K, 0% used [0x00000000e3800000,0x00000000e3800000,0x00000000e4a00000)
 ParOldGen       total 89088K, used 35104K [0x0000000080000000, 0x0000000085700000, 0x00000000d5580000)
  object space 89088K, 39% used [0x0000000080000000,0x0000000082248250,0x0000000085700000)
 Metaspace       used 66279K, capacity 68907K, committed 69032K, reserved 1107968K
  class space    used 9032K, capacity 9639K, committed 9640K, reserved 1048576K
Event: 26.700 GC heap after
Heap after GC invocations=16 (full 3):
 PSYoungGen      total 250368K, used 18421K [0x00000000d5580000, 0x00000000e9480000, 0x0000000100000000)
  eden space 231936K, 0% used [0x00000000d5580000,0x00000000d5580000,0x00000000e3800000)
  from space 18432K, 99% used [0x00000000e3800000,0x00000000e49fd4b8,0x00000000e4a00000)
  to   space 22528K, 0% used [0x00000000e7e80000,0x00000000e7e80000,0x00000000e9480000)
 ParOldGen       total 89088K, used 38585K [0x0000000080000000, 0x0000000085700000, 0x00000000d5580000)
  object space 89088K, 43% used [0x0000000080000000,0x00000000825ae748,0x0000000085700000)
 Metaspace       used 66279K, capacity 68907K, committed 69032K, reserved 1107968K
  class space    used 9032K, capacity 9639K, committed 9640K, reserved 1048576K
}
Event: 32.446 GC heap before
{Heap before GC invocations=17 (full 3):
 PSYoungGen      total 250368K, used 250357K [0x00000000d5580000, 0x00000000e9480000, 0x0000000100000000)
  eden space 231936K, 100% used [0x00000000d5580000,0x00000000e3800000,0x00000000e3800000)
  from space 18432K, 99% used [0x00000000e3800000,0x00000000e49fd4b8,0x00000000e4a00000)
  to   space 22528K, 0% used [0x00000000e7e80000,0x00000000e7e80000,0x00000000e9480000)
 ParOldGen       total 89088K, used 38585K [0x0000000080000000, 0x0000000085700000, 0x00000000d5580000)
  object space 89088K, 43% used [0x0000000080000000,0x00000000825ae748,0x0000000085700000)
 Metaspace       used 69755K, capacity 72411K, committed 72488K, reserved 1112064K
  class space    used 9358K, capacity 9973K, committed 10024K, reserved 1048576K
Event: 32.507 GC heap after
Heap after GC invocations=17 (full 3):
 PSYoungGen      total 300544K, used 17850K [0x00000000d5580000, 0x00000000e9500000, 0x0000000100000000)
  eden space 278016K, 0% used [0x00000000d5580000,0x00000000d5580000,0x00000000e6500000)
  from space 22528K, 79% used [0x00000000e7e80000,0x00000000e8fee8a0,0x00000000e9480000)
  to   space 24576K, 0% used [0x00000000e6500000,0x00000000e6500000,0x00000000e7d00000)
 ParOldGen       total 89088K, used 55369K [0x0000000080000000, 0x0000000085700000, 0x00000000d5580000)
  object space 89088K, 62% used [0x0000000080000000,0x0000000083612640,0x0000000085700000)
 Metaspace       used 69755K, capacity 72411K, committed 72488K, reserved 1112064K
  class space    used 9358K, capacity 9973K, committed 10024K, reserved 1048576K
}

Deoptimization events (10 events):
Event: 32.109 Thread 0x0000000019083000 Uncommon trap: reason=class_check action=maybe_recompile pc=0x0000000002f2f740 method=com.sun.org.apache.xerces.internal.dom.NamedNodeMapImpl.item(I)Lorg/w3c/dom/Node; @ 33
Event: 32.109 Thread 0x0000000019083000 Uncommon trap: reason=class_check action=maybe_recompile pc=0x0000000002f2f740 method=com.sun.org.apache.xerces.internal.dom.NamedNodeMapImpl.item(I)Lorg/w3c/dom/Node; @ 33
Event: 32.109 Thread 0x0000000019083000 Uncommon trap: reason=class_check action=maybe_recompile pc=0x0000000002f2f740 method=com.sun.org.apache.xerces.internal.dom.NamedNodeMapImpl.item(I)Lorg/w3c/dom/Node; @ 33
Event: 32.170 Thread 0x0000000019083000 Uncommon trap: reason=unstable_if action=reinterpret pc=0x0000000002f2ea98 method=com.android.utils.XmlUtils.toXmlAttributeValue(Ljava/lang/String;)Ljava/lang/String; @ 33
Event: 32.170 Thread 0x0000000019083000 Uncommon trap: reason=unstable_if action=reinterpret pc=0x00000000040e2b78 method=com.android.utils.XmlUtils.append(Lcom/android/utils/XmlUtils$PositionAwareStringBuilder;Lorg/w3c/dom/Node;Ljava/util/Map;Ljava/util/Set;)V @ 540
Event: 32.170 Thread 0x0000000019083000 Uncommon trap: reason=unstable_if action=reinterpret pc=0x00000000040e2b78 method=com.android.utils.XmlUtils.append(Lcom/android/utils/XmlUtils$PositionAwareStringBuilder;Lorg/w3c/dom/Node;Ljava/util/Map;Ljava/util/Set;)V @ 540
Event: 32.268 Thread 0x0000000019083000 Uncommon trap: reason=unstable_if action=reinterpret pc=0x00000000040e2b78 method=com.android.utils.XmlUtils.append(Lcom/android/utils/XmlUtils$PositionAwareStringBuilder;Lorg/w3c/dom/Node;Ljava/util/Map;Ljava/util/Set;)V @ 540
Event: 32.575 Thread 0x0000000019085800 Uncommon trap: reason=unstable_if action=reinterpret pc=0x000000000385542c method=java.util.HashMap$HashIterator.<init>(Ljava/util/HashMap;)V @ 45
Event: 32.575 Thread 0x0000000019085800 Uncommon trap: reason=unstable_if action=reinterpret pc=0x000000000330c830 method=java.util.HashMap$HashIterator.<init>(Ljava/util/HashMap;)V @ 45
Event: 32.575 Thread 0x0000000019085800 Uncommon trap: reason=unstable_if action=reinterpret pc=0x0000000003fed794 method=java.util.HashMap$HashIterator.<init>(Ljava/util/HashMap;)V @ 45

Classes redefined (0 events):
No events

Internal exceptions (10 events):
Event: 28.856 Thread 0x0000000019083000 Exception <a 'java/lang/NoSuchMethodError': <clinit>> (0x00000000d982c518) thrown at [C:\src\AOSP-openjdk-git\hotspot\src\share\vm\prims\jni.cpp, line 1615]
Event: 29.231 Thread 0x0000000019e0d800 Exception <a 'java/io/FileNotFoundException'> (0x00000000da23a568) thrown at [C:\src\AOSP-openjdk-git\hotspot\src\share\vm\prims\jni.cpp, line 710]
Event: 29.394 Thread 0x0000000019e0d800 Exception <a 'java/io/FileNotFoundException'> (0x00000000dbd32d98) thrown at [C:\src\AOSP-openjdk-git\hotspot\src\share\vm\prims\jni.cpp, line 710]
Event: 29.492 Thread 0x0000000019083000 Implicit null exception at 0x000000000417e5b3 to 0x0000000004180995
Event: 32.170 Thread 0x0000000019083000 Implicit null exception at 0x00000000040e4fb1 to 0x00000000040e2b55
Event: 32.170 Thread 0x0000000019083000 Implicit null exception at 0x00000000040e4fb1 to 0x00000000040e2b55
Event: 32.268 Thread 0x0000000019083000 Implicit null exception at 0x00000000040e4fb1 to 0x00000000040e2b55
Event: 32.358 Thread 0x0000000019083000 Exception <a 'java/lang/NoSuchMethodError': <clinit>> (0x00000000e31e02b0) thrown at [C:\src\AOSP-openjdk-git\hotspot\src\share\vm\prims\jni.cpp, line 1615]
Event: 32.360 Thread 0x0000000019083000 Exception <a 'java/lang/NoSuchMethodError': <clinit>> (0x00000000e31f06d0) thrown at [C:\src\AOSP-openjdk-git\hotspot\src\share\vm\prims\jni.cpp, line 1615]
Event: 32.362 Thread 0x0000000019083000 Exception <a 'java/lang/NoSuchMethodError': <clinit>> (0x00000000e3203f28) thrown at [C:\src\AOSP-openjdk-git\hotspot\src\share\vm\prims\jni.cpp, line 1615]

Events (10 events):
Event: 32.681 loading class com/android/utils/GrabProcessOutput$2
Event: 32.681 loading class com/android/utils/GrabProcessOutput$2 done
Event: 32.682 Thread 0x0000000019e0e800 Thread added: 0x0000000019e0e800
Event: 32.682 Thread 0x0000000019e0f000 Thread added: 0x0000000019e0f000
Event: 32.683 Thread 0x0000000019e10000 Thread added: 0x0000000019e10000
Event: 32.683 Thread 0x0000000019e10800 Thread added: 0x0000000019e10800
Event: 32.687 Thread 0x0000000019e0a000 Thread added: 0x0000000019e0a000
Event: 32.687 Thread 0x0000000019e11800 Thread added: 0x0000000019e11800
Event: 32.705 Thread 0x0000000019e0a800 Thread added: 0x0000000019e0a800
Event: 32.705 Thread 0x0000000019e15000 Thread added: 0x0000000019e15000


Dynamic libraries:
0x00007ff624ba0000 - 0x00007ff624bd1000 	C:\Program Files\Android\Android Studio\jre\bin\java.exe
0x00007fff6b9b0000 - 0x00007fff6bba6000 	C:\WINDOWS\SYSTEM32\ntdll.dll
0x00007fff6af50000 - 0x00007fff6b00d000 	C:\WINDOWS\System32\KERNEL32.DLL
0x00007fff695c0000 - 0x00007fff69888000 	C:\WINDOWS\System32\KERNELBASE.dll
0x00007fff6a8c0000 - 0x00007fff6a96c000 	C:\WINDOWS\System32\ADVAPI32.dll
0x00007fff6a640000 - 0x00007fff6a6de000 	C:\WINDOWS\System32\msvcrt.dll
0x00007fff6b8d0000 - 0x00007fff6b96b000 	C:\WINDOWS\System32\sechost.dll
0x00007fff6b7a0000 - 0x00007fff6b8c4000 	C:\WINDOWS\System32\RPCRT4.dll
0x00007fff6b5a0000 - 0x00007fff6b740000 	C:\WINDOWS\System32\USER32.dll
0x00007fff69990000 - 0x00007fff699b2000 	C:\WINDOWS\System32\win32u.dll
0x00007fff6a890000 - 0x00007fff6a8ba000 	C:\WINDOWS\System32\GDI32.dll
0x00007fff691a0000 - 0x00007fff692a9000 	C:\WINDOWS\System32\gdi32full.dll
0x00007fff69520000 - 0x00007fff695bd000 	C:\WINDOWS\System32\msvcp_win.dll
0x00007fff69890000 - 0x00007fff69990000 	C:\WINDOWS\System32\ucrtbase.dll
0x00007fff52380000 - 0x00007fff5261b000 	C:\WINDOWS\WinSxS\amd64_microsoft.windows.common-controls_6595b64144ccf1df_6.0.19041.488_none_ca04af081b815d21\COMCTL32.dll
0x00007fff6a6e0000 - 0x00007fff6a710000 	C:\WINDOWS\System32\IMM32.DLL
0x0000000060780000 - 0x0000000060852000 	C:\Program Files\Android\Android Studio\jre\jre\bin\msvcr100.dll
0x0000000060860000 - 0x00000000610ab000 	C:\Program Files\Android\Android Studio\jre\jre\bin\server\jvm.dll
0x00007fff6a7a0000 - 0x00007fff6a7a8000 	C:\WINDOWS\System32\PSAPI.DLL
0x00007fff562a0000 - 0x00007fff562c7000 	C:\WINDOWS\SYSTEM32\WINMM.dll
0x00007fff615b0000 - 0x00007fff615ba000 	C:\WINDOWS\SYSTEM32\VERSION.dll
0x00007fff64aa0000 - 0x00007fff64aa9000 	C:\WINDOWS\SYSTEM32\WSOCK32.dll
0x00007fff6a5d0000 - 0x00007fff6a63b000 	C:\WINDOWS\System32\WS2_32.dll
0x00007fff62ee0000 - 0x00007fff62eef000 	C:\Program Files\Android\Android Studio\jre\jre\bin\verify.dll
0x00007fff62dd0000 - 0x00007fff62df9000 	C:\Program Files\Android\Android Studio\jre\jre\bin\java.dll
0x00007fff62ec0000 - 0x00007fff62ed6000 	C:\Program Files\Android\Android Studio\jre\jre\bin\zip.dll
0x00007fff69a10000 - 0x00007fff6a151000 	C:\WINDOWS\System32\SHELL32.dll
0x00007fff67240000 - 0x00007fff679d5000 	C:\WINDOWS\SYSTEM32\windows.storage.dll
0x00007fff6b010000 - 0x00007fff6b365000 	C:\WINDOWS\System32\combase.dll
0x00007fff68a90000 - 0x00007fff68abc000 	C:\WINDOWS\SYSTEM32\Wldp.dll
0x00007fff6ab50000 - 0x00007fff6abfe000 	C:\WINDOWS\System32\SHCORE.dll
0x00007fff6ae10000 - 0x00007fff6ae65000 	C:\WINDOWS\System32\shlwapi.dll
0x00007fff69020000 - 0x00007fff69046000 	C:\WINDOWS\SYSTEM32\profapi.dll
0x00007fff62db0000 - 0x00007fff62dca000 	C:\Program Files\Android\Android Studio\jre\jre\bin\net.dll
0x00007fff68810000 - 0x00007fff6887a000 	C:\WINDOWS\system32\mswsock.dll
0x00007fff60d70000 - 0x00007fff60d83000 	C:\Program Files\Android\Android Studio\jre\jre\bin\nio.dll
0x00007fff62fa0000 - 0x00007fff62fc6000 	C:\Users\EL-Kady EzZaT\.gradle\native\31\windows-amd64\native-platform.dll
0x00007fff60d60000 - 0x00007fff60d6d000 	C:\Program Files\Android\Android Studio\jre\jre\bin\management.dll
0x00007fff689e0000 - 0x00007fff689f8000 	C:\WINDOWS\SYSTEM32\CRYPTSP.dll
0x00007fff681a0000 - 0x00007fff681d4000 	C:\WINDOWS\system32\rsaenh.dll
0x00007fff690f0000 - 0x00007fff69117000 	C:\WINDOWS\System32\bcrypt.dll
0x00007fff68fa0000 - 0x00007fff68fce000 	C:\WINDOWS\SYSTEM32\USERENV.dll
0x00007fff69120000 - 0x00007fff6919f000 	C:\WINDOWS\System32\bcryptprimitives.dll
0x00007fff68a00000 - 0x00007fff68a0c000 	C:\WINDOWS\SYSTEM32\CRYPTBASE.dll
0x00007fff68500000 - 0x00007fff6853b000 	C:\WINDOWS\SYSTEM32\IPHLPAPI.DLL
0x00007fff6ae00000 - 0x00007fff6ae08000 	C:\WINDOWS\System32\NSI.dll
0x00007fff621c0000 - 0x00007fff621d7000 	C:\WINDOWS\SYSTEM32\dhcpcsvc6.DLL
0x00007fff621a0000 - 0x00007fff621bd000 	C:\WINDOWS\SYSTEM32\dhcpcsvc.DLL
0x00007fff68540000 - 0x00007fff6860b000 	C:\WINDOWS\SYSTEM32\DNSAPI.dll
0x00007fff64b70000 - 0x00007fff64b94000 	C:\Program Files\Android\Android Studio\jre\jre\bin\sunec.dll
0x00007fff63310000 - 0x00007fff6331a000 	C:\Windows\System32\rasadhlp.dll
0x00007fff5c2a0000 - 0x00007fff5c31f000 	C:\WINDOWS\System32\fwpuclnt.dll
0x00007fff64b60000 - 0x00007fff64b6b000 	C:\Program Files\Android\Android Studio\jre\jre\bin\sunmscapi.dll
0x00007fff692b0000 - 0x00007fff6940d000 	C:\WINDOWS\System32\CRYPT32.dll
0x00007fff60b60000 - 0x00007fff60cfc000 	C:\Program Files\Android\Android Studio\jre\jre\bin\awt.dll
0x00007fff6ae70000 - 0x00007fff6af3d000 	C:\WINDOWS\System32\OLEAUT32.dll
0x00007fff659f0000 - 0x00007fff65fb0000 	C:\WINDOWS\SYSTEM32\d2d1.dll
0x00007fff66f30000 - 0x00007fff66f5f000 	C:\WINDOWS\SYSTEM32\dwmapi.dll
0x00007fff669b0000 - 0x00007fff66a40000 	C:\WINDOWS\SYSTEM32\apphelp.dll
0x00007fff66c70000 - 0x00007fff66d0e000 	C:\WINDOWS\system32\uxtheme.dll

VM Arguments:
jvm_args: -Xmx2048m -Dfile.encoding=windows-1252 -Duser.country=US -Duser.language=en -Duser.variant 
java_command: org.gradle.launcher.daemon.bootstrap.GradleDaemon 6.1.1
java_class_path (initial): C:\Users\EL-Kady EzZaT\.gradle\wrapper\dists\gradle-6.1.1-all\cfmwm155h49vnt3hynmlrsdst\gradle-6.1.1\lib\gradle-launcher-6.1.1.jar
Launcher Type: SUN_STANDARD

Environment Variables:
PATH=C:\WINDOWS\system32;C:\WINDOWS;C:\WINDOWS\System32\Wbem;C:\WINDOWS\System32\WindowsPowerShell\v1.0\;C:\WINDOWS\System32\OpenSSH\;C:\Program Files\Microsoft\Web Platform Installer\;C:\Program Files (x86)\Microsoft ASP.NET\ASP.NET Web Pages\v1.0\;C:\Program Files\Microsoft SQL Server\110\Tools\Binn\;C:\Program Files (x86)\Microsoft SQL Server\100\Tools\Binn\;C:\Program Files\Microsoft SQL Server\100\Tools\Binn\;C:\Program Files\Microsoft SQL Server\100\DTS\Binn\;C:\Users\EL-Kady EzZaT\AppData\Local\Microsoft\WindowsApps;
USERNAME=EL-Kady EzZaT
OS=Windows_NT
PROCESSOR_IDENTIFIER=Intel64 Family 6 Model 42 Stepping 7, GenuineIntel



---------------  S Y S T E M  ---------------

OS: Windows 10.0 , 64 bit Build 19041 (10.0.19041.546)

CPU:total 4 (initial active 4) (2 cores per cpu, 2 threads per core) family 6 model 42 stepping 7, cmov, cx8, fxsr, mmx, sse, sse2, sse3, ssse3, sse4.1, sse4.2, popcnt, avx, aes, clmul, ht, tsc, tscinvbit

Memory: 4k page, physical 4102504k(451092k free), swap 4102504k(5312k free)

vm_info: OpenJDK 64-Bit Server VM (25.242-b01) for windows-amd64 JRE (1.8.0_242-release-1644-b01), built by "builder" with MS VC++ 10.0 (VS2010)

time: Thu Nov 19 22:23:17 2020
timezone: Egypt Standard Time
elapsed time: 33 seconds (0d 0h 0m 33s)

