#
# There is insufficient memory for the Java Runtime Environment to continue.
# Native memory allocation (malloc) failed to allocate 1219360 bytes for Chunk::new
# Possible reasons:
#   The system is out of physical RAM or swap space
#   The process is running with CompressedOops enabled, and the Java Heap may be blocking the growth of the native heap
# Possible solutions:
#   Reduce memory load on the system
#   Increase physical memory or swap space
#   Check if swap backing store is full
#   Decrease Java heap size (-Xmx/-Xms)
#   Decrease number of Java threads
#   Decrease Java thread stack sizes (-Xss)
#   Set larger code cache with -XX:ReservedCodeCacheSize=
#   JVM is running with Unscaled Compressed Oops mode in which the Java heap is
#     placed in the first 4GB address space. The Java Heap base address is the
#     maximum limit for the native heap growth. Please use -XX:HeapBaseMinAddress
#     to set the Java Heap base and to place the Java Heap above 4GB virtual address.
# This output file may be truncated or incomplete.
#
#  Out of Memory Error (allocation.cpp:389), pid=7820, tid=0x000000000000164c
#
# JRE version: OpenJDK Runtime Environment (8.0_242-b01) (build 1.8.0_242-release-1644-b01)
# Java VM: OpenJDK 64-Bit Server VM (25.242-b01 mixed mode windows-amd64 compressed oops)
# Failed to write core dump. Minidumps are not enabled by default on client versions of Windows
#

---------------  T H R E A D  ---------------

Current thread (0x0000000017e77000):  JavaThread "C2 CompilerThread0" daemon [_thread_in_native, id=5708, stack(0x00000000194c0000,0x00000000195c0000)]

Stack: [0x00000000194c0000,0x00000000195c0000]
[error occurred during error reporting (printing stack bounds), id 0xc0000005]

Native frames: (J=compiled Java code, j=interpreted, Vv=VM code, C=native code)


Current CompileTask:
C2:  14970 4710   !   4       com.sun.beans.TypeResolver::resolve (274 bytes)


---------------  P R O C E S S  ---------------

Java Threads: ( => current thread )
  0x000000001c10e800 JavaThread "Build operations Thread 4" [_thread_blocked, id=1992, stack(0x0000000023bd0000,0x0000000023cd0000)]
  0x000000001c110000 JavaThread "Build operations Thread 3" [_thread_blocked, id=2124, stack(0x0000000023ad0000,0x0000000023bd0000)]
  0x000000001c113000 JavaThread "Build operations Thread 2" [_thread_blocked, id=4484, stack(0x0000000022740000,0x0000000022840000)]
  0x000000001c111800 JavaThread "Build operations" [_thread_blocked, id=9124, stack(0x00000000223f0000,0x00000000224f0000)]
  0x000000001c10f800 JavaThread "Cache worker for Build Output Cleanup Cache (D:\Applications\Exam\.gradle\buildOutputCleanup)" [_thread_blocked, id=6044, stack(0x00000000222f0000,0x00000000223f0000)]
  0x000000001c043000 JavaThread "Cache worker for execution history cache (C:\Users\EL-Kady EzZaT\.gradle\caches\6.1.1\executionHistory)" [_thread_blocked, id=7664, stack(0x0000000021530000,0x0000000021630000)]
  0x000000001c042000 JavaThread "Cache worker for cache directory md-rule (C:\Users\EL-Kady EzZaT\.gradle\caches\6.1.1\md-rule)" [_thread_blocked, id=7128, stack(0x0000000021430000,0x0000000021530000)]
  0x000000001c046000 JavaThread "Cache worker for cache directory md-supplier (C:\Users\EL-Kady EzZaT\.gradle\caches\6.1.1\md-supplier)" [_thread_blocked, id=8844, stack(0x0000000021330000,0x0000000021430000)]
  0x000000001c045000 JavaThread "Cache worker for file hash cache (D:\Applications\Exam\.gradle\6.1.1\fileHashes)" [_thread_blocked, id=2284, stack(0x00000000219f0000,0x0000000021af0000)]
  0x000000001c047800 JavaThread "Cache worker for checksums cache (D:\Applications\Exam\.gradle\checksums)" [_thread_blocked, id=5284, stack(0x00000000216f0000,0x00000000217f0000)]
  0x000000001c044800 JavaThread "Cache worker for file hash cache (C:\Users\EL-Kady EzZaT\.gradle\caches\6.1.1\fileHashes)" [_thread_blocked, id=7200, stack(0x000000001dc40000,0x000000001dd40000)]
  0x000000001c046800 JavaThread "File lock request listener" [_thread_in_native, id=5152, stack(0x000000001db40000,0x000000001dc40000)]
  0x000000001bf30800 JavaThread "Cache worker for journal cache (C:\Users\EL-Kady EzZaT\.gradle\caches\journal-1)" [_thread_blocked, id=3984, stack(0x000000001da40000,0x000000001db40000)]
  0x000000001bdbc000 JavaThread "Thread-9" [_thread_blocked, id=8332, stack(0x000000001d740000,0x000000001d840000)]
  0x000000001bdb9800 JavaThread "Stdin handler" [_thread_blocked, id=3716, stack(0x000000001d640000,0x000000001d740000)]
  0x000000001bdd1800 JavaThread "Asynchronous log dispatcher for DefaultDaemonConnection: socket connection from /127.0.0.1:49881 to /127.0.0.1:49882" [_thread_blocked, id=244, stack(0x000000001d540000,0x000000001d640000)]
  0x000000001bde4800 JavaThread "Daemon worker" [_thread_in_Java, id=120, stack(0x000000001d440000,0x000000001d540000)]
  0x000000001bdc0800 JavaThread "Cancel handler" [_thread_blocked, id=3292, stack(0x000000001d340000,0x000000001d440000)]
  0x000000001b8c2800 JavaThread "Handler for socket connection from /127.0.0.1:49881 to /127.0.0.1:49882" [_thread_in_native, id=6640, stack(0x000000001d040000,0x000000001d140000)]
  0x000000001bc64800 JavaThread "Daemon" [_thread_blocked, id=6568, stack(0x000000001cf40000,0x000000001d040000)]
  0x000000001b6c7000 JavaThread "Daemon periodic checks" [_thread_blocked, id=256, stack(0x000000001ce40000,0x000000001cf40000)]
  0x000000001b6d7000 JavaThread "Incoming local TCP Connector on port 49881" [_thread_in_native, id=5352, stack(0x0000000019ec0000,0x0000000019fc0000)]
  0x000000001b4d6000 JavaThread "Daemon health stats" [_thread_blocked, id=1396, stack(0x0000000019dc0000,0x0000000019ec0000)]
  0x00000000197e2800 JavaThread "Service Thread" daemon [_thread_blocked, id=5840, stack(0x0000000019bc0000,0x0000000019cc0000)]
  0x0000000017e83000 JavaThread "C1 CompilerThread2" daemon [_thread_in_native, id=8772, stack(0x00000000196c0000,0x00000000197c0000)]
  0x0000000017e7a000 JavaThread "C2 CompilerThread1" daemon [_thread_in_native, id=5824, stack(0x00000000195c0000,0x00000000196c0000)]
=>0x0000000017e77000 JavaThread "C2 CompilerThread0" daemon [_thread_in_native, id=5708, stack(0x00000000194c0000,0x00000000195c0000)]
  0x0000000017e74000 JavaThread "Attach Listener" daemon [_thread_blocked, id=7544, stack(0x00000000193c0000,0x00000000194c0000)]
  0x0000000017e72800 JavaThread "Signal Dispatcher" daemon [_thread_blocked, id=5448, stack(0x00000000192c0000,0x00000000193c0000)]
  0x000000000324d000 JavaThread "Finalizer" daemon [_thread_blocked, id=1904, stack(0x00000000190c0000,0x00000000191c0000)]
  0x0000000017e59800 JavaThread "Reference Handler" daemon [_thread_blocked, id=8152, stack(0x0000000018fc0000,0x00000000190c0000)]
  0x000000000314e000 JavaThread "main" [_thread_blocked, id=8636, stack(0x0000000002fd0000,0x00000000030d0000)]

Other Threads:
  0x0000000017e37000 VMThread [stack: 0x0000000018ec0000,0x0000000018fc0000] [id=5272]
  0x00000000197e3000 WatcherThread [stack: 0x0000000019cc0000,0x0000000019dc0000] [id=5452]

VM state:not at safepoint (normal execution)

VM Mutex/Monitor currently owned by a thread: None

heap address: 0x0000000080000000, size: 2048 MB, Compressed Oops mode: 32-bit
Narrow klass base: 0x0000000000000000, Narrow klass shift: 3
Compressed class space size: 1073741824 Address: 0x0000000100000000

Heap:
 PSYoungGen      total 192000K, used 81918K [0x00000000d5580000, 0x00000000e5200000, 0x0000000100000000)
  eden space 178688K, 38% used [0x00000000d5580000,0x00000000d9886290,0x00000000e0400000)
  from space 13312K, 99% used [0x00000000e0400000,0x00000000e10f9738,0x00000000e1100000)
  to   space 16896K, 0% used [0x00000000e4180000,0x00000000e4180000,0x00000000e5200000)
 ParOldGen       total 55808K, used 21407K [0x0000000080000000, 0x0000000083680000, 0x00000000d5580000)
  object space 55808K, 38% used [0x0000000080000000,0x00000000814e7dd0,0x0000000083680000)
 Metaspace       used 51792K, capacity 53644K, committed 53800K, reserved 1095680K
  class space    used 6949K, capacity 7420K, committed 7464K, reserved 1048576K

Card table byte_map: [0x0000000012610000,0x0000000012a20000] byte_map_base: 0x0000000012210000

Marking Bits: (ParMarkBitMap*) 0x000000006102f030
 Begin Bits: [0x00000000130d0000, 0x00000000150d0000)
 End Bits:   [0x00000000150d0000, 0x00000000170d0000)

Polling page: 0x00000000017a0000

CodeCache: size=245760Kb used=15411Kb max_used=15411Kb free=230348Kb
 bounds [0x0000000003250000, 0x0000000004170000, 0x0000000012250000]
 total_blobs=5169 nmethods=4399 adapters=683
 compilation: enabled

Compilation events (10 events):
Event: 14.898 Thread 0x0000000017e83000 4799       3       com.google.common.collect.ImmutableMap$Builder::build (21 bytes)
Event: 14.898 Thread 0x0000000017e83000 nmethod 4799 0x0000000004162d10 code [0x0000000004162e80, 0x00000000041630d8]
Event: 14.898 Thread 0x0000000017e83000 4800       3       com.google.common.collect.ImmutableMap$Builder::sortEntries (156 bytes)
Event: 14.899 Thread 0x0000000017e83000 nmethod 4800 0x0000000004163190 code [0x0000000004163440, 0x0000000004164958]
Event: 14.951 Thread 0x0000000017e83000 4801       3       sun.reflect.annotation.AnnotationParser::parseArray (226 bytes)
Event: 14.953 Thread 0x0000000017e83000 nmethod 4801 0x0000000004165450 code [0x00000000041656e0, 0x00000000041662f8]
Event: 14.953 Thread 0x0000000017e83000 4802       3       org.gradle.internal.instantiation.generator.AbstractClassGenerator$InjectionAnnotationValidator::validateMethod (160 bytes)
Event: 14.954 Thread 0x0000000017e83000 nmethod 4802 0x0000000004166690 code [0x00000000041669c0, 0x0000000004168088]
Event: 14.957 Thread 0x0000000017e83000 4803       3       java.util.LinkedHashMap$LinkedValues::size (8 bytes)
Event: 14.958 Thread 0x0000000017e83000 nmethod 4803 0x0000000004168c50 code [0x0000000004168da0, 0x0000000004168ef0]

GC Heap History (10 events):
Event: 5.419 GC heap before
{Heap before GC invocations=9 (full 1):
 PSYoungGen      total 138240K, used 4766K [0x00000000d5580000, 0x00000000de680000, 0x0000000100000000)
  eden space 129024K, 0% used [0x00000000d5580000,0x00000000d5580000,0x00000000dd380000)
  from space 9216K, 51% used [0x00000000ddd80000,0x00000000de2279f0,0x00000000de680000)
  to   space 9728K, 0% used [0x00000000dd380000,0x00000000dd380000,0x00000000ddd00000)
 ParOldGen       total 44032K, used 9036K [0x0000000080000000, 0x0000000082b00000, 0x00000000d5580000)
  object space 44032K, 20% used [0x0000000080000000,0x00000000808d33e8,0x0000000082b00000)
 Metaspace       used 20524K, capacity 21230K, committed 21296K, reserved 1067008K
  class space    used 2878K, capacity 3095K, committed 3120K, reserved 1048576K
Event: 5.479 GC heap after
Heap after GC invocations=9 (full 1):
 PSYoungGen      total 138240K, used 0K [0x00000000d5580000, 0x00000000de680000, 0x0000000100000000)
  eden space 129024K, 0% used [0x00000000d5580000,0x00000000d5580000,0x00000000dd380000)
  from space 9216K, 0% used [0x00000000ddd80000,0x00000000ddd80000,0x00000000de680000)
  to   space 9728K, 0% used [0x00000000dd380000,0x00000000dd380000,0x00000000ddd00000)
 ParOldGen       total 34816K, used 8996K [0x0000000080000000, 0x0000000082200000, 0x00000000d5580000)
  object space 34816K, 25% used [0x0000000080000000,0x00000000808c91c8,0x0000000082200000)
 Metaspace       used 20524K, capacity 21230K, committed 21296K, reserved 1067008K
  class space    used 2878K, capacity 3095K, committed 3120K, reserved 1048576K
}
Event: 8.095 GC heap before
{Heap before GC invocations=10 (full 1):
 PSYoungGen      total 138240K, used 129024K [0x00000000d5580000, 0x00000000de680000, 0x0000000100000000)
  eden space 129024K, 100% used [0x00000000d5580000,0x00000000dd380000,0x00000000dd380000)
  from space 9216K, 0% used [0x00000000ddd80000,0x00000000ddd80000,0x00000000de680000)
  to   space 9728K, 0% used [0x00000000dd380000,0x00000000dd380000,0x00000000ddd00000)
 ParOldGen       total 34816K, used 8996K [0x0000000080000000, 0x0000000082200000, 0x00000000d5580000)
  object space 34816K, 25% used [0x0000000080000000,0x00000000808c91c8,0x0000000082200000)
 Metaspace       used 32154K, capacity 33010K, committed 33072K, reserved 1077248K
  class space    used 4356K, capacity 4626K, committed 4656K, reserved 1048576K
Event: 8.138 GC heap after
Heap after GC invocations=10 (full 1):
 PSYoungGen      total 138752K, used 9724K [0x00000000d5580000, 0x00000000e1d00000, 0x0000000100000000)
  eden space 129024K, 0% used [0x00000000d5580000,0x00000000d5580000,0x00000000dd380000)
  from space 9728K, 99% used [0x00000000dd380000,0x00000000ddcff138,0x00000000ddd00000)
  to   space 12288K, 0% used [0x00000000e1100000,0x00000000e1100000,0x00000000e1d00000)
 ParOldGen       total 34816K, used 12350K [0x0000000080000000, 0x0000000082200000, 0x00000000d5580000)
  object space 34816K, 35% used [0x0000000080000000,0x0000000080c0fb80,0x0000000082200000)
 Metaspace       used 32154K, capacity 33010K, committed 33072K, reserved 1077248K
  class space    used 4356K, capacity 4626K, committed 4656K, reserved 1048576K
}
Event: 9.178 GC heap before
{Heap before GC invocations=11 (full 1):
 PSYoungGen      total 138752K, used 55589K [0x00000000d5580000, 0x00000000e1d00000, 0x0000000100000000)
  eden space 129024K, 35% used [0x00000000d5580000,0x00000000d824a498,0x00000000dd380000)
  from space 9728K, 99% used [0x00000000dd380000,0x00000000ddcff138,0x00000000ddd00000)
  to   space 12288K, 0% used [0x00000000e1100000,0x00000000e1100000,0x00000000e1d00000)
 ParOldGen       total 34816K, used 12350K [0x0000000080000000, 0x0000000082200000, 0x00000000d5580000)
  object space 34816K, 35% used [0x0000000080000000,0x0000000080c0fb80,0x0000000082200000)
 Metaspace       used 34467K, capacity 35430K, committed 35496K, reserved 1079296K
  class space    used 4694K, capacity 4976K, committed 5032K, reserved 1048576K
Event: 9.215 GC heap after
Heap after GC invocations=11 (full 1):
 PSYoungGen      total 190976K, used 10016K [0x00000000d5580000, 0x00000000e2180000, 0x0000000100000000)
  eden space 178688K, 0% used [0x00000000d5580000,0x00000000d5580000,0x00000000e0400000)
  from space 12288K, 81% used [0x00000000e1100000,0x00000000e1ac80a0,0x00000000e1d00000)
  to   space 13312K, 0% used [0x00000000e0400000,0x00000000e0400000,0x00000000e1100000)
 ParOldGen       total 34816K, used 12358K [0x0000000080000000, 0x0000000082200000, 0x00000000d5580000)
  object space 34816K, 35% used [0x0000000080000000,0x0000000080c11b80,0x0000000082200000)
 Metaspace       used 34467K, capacity 35430K, committed 35496K, reserved 1079296K
  class space    used 4694K, capacity 4976K, committed 5032K, reserved 1048576K
}
Event: 9.215 GC heap before
{Heap before GC invocations=12 (full 2):
 PSYoungGen      total 190976K, used 10016K [0x00000000d5580000, 0x00000000e2180000, 0x0000000100000000)
  eden space 178688K, 0% used [0x00000000d5580000,0x00000000d5580000,0x00000000e0400000)
  from space 12288K, 81% used [0x00000000e1100000,0x00000000e1ac80a0,0x00000000e1d00000)
  to   space 13312K, 0% used [0x00000000e0400000,0x00000000e0400000,0x00000000e1100000)
 ParOldGen       total 34816K, used 12358K [0x0000000080000000, 0x0000000082200000, 0x00000000d5580000)
  object space 34816K, 35% used [0x0000000080000000,0x0000000080c11b80,0x0000000082200000)
 Metaspace       used 34467K, capacity 35430K, committed 35496K, reserved 1079296K
  class space    used 4694K, capacity 4976K, committed 5032K, reserved 1048576K
Event: 9.378 GC heap after
Heap after GC invocations=12 (full 2):
 PSYoungGen      total 190976K, used 0K [0x00000000d5580000, 0x00000000e2180000, 0x0000000100000000)
  eden space 178688K, 0% used [0x00000000d5580000,0x00000000d5580000,0x00000000e0400000)
  from space 12288K, 0% used [0x00000000e1100000,0x00000000e1100000,0x00000000e1d00000)
  to   space 13312K, 0% used [0x00000000e0400000,0x00000000e0400000,0x00000000e1100000)
 ParOldGen       total 55808K, used 17189K [0x0000000080000000, 0x0000000083680000, 0x00000000d5580000)
  object space 55808K, 30% used [0x0000000080000000,0x00000000810c97d0,0x0000000083680000)
 Metaspace       used 34467K, capacity 35430K, committed 35496K, reserved 1079296K
  class space    used 4694K, capacity 4976K, committed 5032K, reserved 1048576K
}
Event: 13.485 GC heap before
{Heap before GC invocations=13 (full 2):
 PSYoungGen      total 190976K, used 178688K [0x00000000d5580000, 0x00000000e2180000, 0x0000000100000000)
  eden space 178688K, 100% used [0x00000000d5580000,0x00000000e0400000,0x00000000e0400000)
  from space 12288K, 0% used [0x00000000e1100000,0x00000000e1100000,0x00000000e1d00000)
  to   space 13312K, 0% used [0x00000000e0400000,0x00000000e0400000,0x00000000e1100000)
 ParOldGen       total 55808K, used 17189K [0x0000000080000000, 0x0000000083680000, 0x00000000d5580000)
  object space 55808K, 30% used [0x0000000080000000,0x00000000810c97d0,0x0000000083680000)
 Metaspace       used 46493K, capacity 48114K, committed 48552K, reserved 1091584K
  class space    used 6295K, capacity 6710K, committed 6824K, reserved 1048576K
Event: 13.523 GC heap after
Heap after GC invocations=13 (full 2):
 PSYoungGen      total 192000K, used 13285K [0x00000000d5580000, 0x00000000e5200000, 0x0000000100000000)
  eden space 178688K, 0% used [0x00000000d5580000,0x00000000d5580000,0x00000000e0400000)
  from space 13312K, 99% used [0x00000000e0400000,0x00000000e10f9738,0x00000000e1100000)
  to   space 16896K, 0% used [0x00000000e4180000,0x00000000e4180000,0x00000000e5200000)
 ParOldGen       total 55808K, used 21407K [0x0000000080000000, 0x0000000083680000, 0x00000000d5580000)
  object space 55808K, 38% used [0x0000000080000000,0x00000000814e7dd0,0x0000000083680000)
 Metaspace       used 46493K, capacity 48114K, committed 48552K, reserved 1091584K
  class space    used 6295K, capacity 6710K, committed 6824K, reserved 1048576K
}

Deoptimization events (10 events):
Event: 12.801 Thread 0x000000001bde4800 Uncommon trap: reason=unstable_if action=reinterpret pc=0x0000000003ca7cd8 method=java.util.jar.JarFile.maybeInstantiateVerifier()V @ 4
Event: 12.801 Thread 0x000000001bde4800 Uncommon trap: reason=unstable_if action=reinterpret pc=0x000000000379c9f0 method=java.util.jar.JarFile.maybeInstantiateVerifier()V @ 4
Event: 12.802 Thread 0x000000001bde4800 Uncommon trap: reason=unstable_if action=reinterpret pc=0x0000000003ef6e08 method=java.util.jar.JarFile.maybeInstantiateVerifier()V @ 4
Event: 12.868 Thread 0x000000001bde4800 Uncommon trap: reason=unstable_if action=reinterpret pc=0x00000000034c9b94 method=java.util.LinkedHashMap.get(Ljava/lang/Object;)Ljava/lang/Object; @ 20
Event: 13.971 Thread 0x000000001bde4800 Uncommon trap: reason=unstable_if action=reinterpret pc=0x0000000003f0f6b0 method=org.gradle.internal.reflect.PropertyAccessorType.of(Ljava/lang/reflect/Method;)Lorg/gradle/internal/reflect/PropertyAccessorType; @ 56
Event: 14.303 Thread 0x000000001bde4800 Uncommon trap: reason=unstable_if action=reinterpret pc=0x0000000003f29370 method=org.gradle.internal.instantiation.generator.AbstractClassGenerator$InjectionAnnotationValidator.validateMethod(Ljava/lang/reflect/Method;Lorg/gradle/internal/reflect/Propert
Event: 14.303 Thread 0x000000001bde4800 Uncommon trap: reason=unstable_if action=reinterpret pc=0x0000000003f2f0c8 method=org.gradle.internal.instantiation.generator.AbstractClassGenerator$InjectionAnnotationValidator.validateMethod(Ljava/lang/reflect/Method;Lorg/gradle/internal/reflect/Propert
Event: 14.463 Thread 0x000000001bde4800 Uncommon trap: reason=unstable_if action=reinterpret pc=0x0000000003723f60 method=java.util.WeakHashMap.expungeStaleEntries()V @ 66
Event: 14.576 Thread 0x000000001bde4800 Uncommon trap: reason=unstable_if action=reinterpret pc=0x0000000003d23ae0 method=org.codehaus.groovy.runtime.metaclass.MetaMethodIndex.addMethodToList(Ljava/lang/Object;Lgroovy/lang/MetaMethod;)Ljava/lang/Object; @ 256
Event: 14.576 Thread 0x000000001bde4800 Uncommon trap: reason=unstable_if action=reinterpret pc=0x0000000003e458bc method=org.codehaus.groovy.runtime.metaclass.MetaMethodIndex.addMethodToList(Ljava/lang/Object;Lgroovy/lang/MetaMethod;)Ljava/lang/Object; @ 256

Classes redefined (0 events):
No events

Internal exceptions (10 events):
Event: 14.588 Thread 0x000000001bde4800 Exception <a 'java/lang/ClassNotFoundException': org/gradle/api/internal/artifacts/dependencies/AbstractDependencyCustomizer> (0x00000000d8a1d1b0) thrown at [C:\src\AOSP-openjdk-git\hotspot\src\share\vm\classfile\systemDictionary.cpp, line 210]
Event: 14.590 Thread 0x000000001bde4800 Exception <a 'java/lang/ClassNotFoundException': org/gradle/api/internal/artifacts/dependencies/AbstractModuleDependencyCustomizer> (0x00000000d8a6e198) thrown at [C:\src\AOSP-openjdk-git\hotspot\src\share\vm\classfile\systemDictionary.cpp, line 210]
Event: 14.593 Thread 0x000000001bde4800 Exception <a 'java/lang/ClassNotFoundException': org/gradle/api/internal/artifacts/dependencies/AbstractExternalModuleDependencyCustomizer> (0x00000000d8b03860) thrown at [C:\src\AOSP-openjdk-git\hotspot\src\share\vm\classfile\systemDictionary.cpp, line 2
Event: 14.596 Thread 0x000000001bde4800 Exception <a 'java/lang/ClassNotFoundException': org/gradle/api/internal/artifacts/dependencies/DefaultExternalModuleDependencyCustomizer> (0x00000000d8b87108) thrown at [C:\src\AOSP-openjdk-git\hotspot\src\share\vm\classfile\systemDictionary.cpp, line 21
Event: 14.599 Thread 0x000000001bde4800 Exception <a 'java/lang/ClassNotFoundException': org/gradle/api/internal/artifacts/dependencies/DefaultExternalModuleDependency_DecoratedCustomizer> (0x00000000d8c0be98) thrown at [C:\src\AOSP-openjdk-git\hotspot\src\share\vm\classfile\systemDictionary.cp
Event: 14.835 Thread 0x000000001bde4800 Exception <a 'java/lang/ClassNotFoundException': org/gradle/api/plugins/internal/DefaultBasePluginConventionBeanInfo> (0x00000000d9341678) thrown at [C:\src\AOSP-openjdk-git\hotspot\src\share\vm\classfile\systemDictionary.cpp, line 210]
Event: 14.836 Thread 0x000000001bde4800 Exception <a 'java/lang/ClassNotFoundException': org/gradle/api/plugins/BasePluginConventionBeanInfo> (0x00000000d936d0e0) thrown at [C:\src\AOSP-openjdk-git\hotspot\src\share\vm\classfile\systemDictionary.cpp, line 210]
Event: 14.837 Thread 0x000000001bde4800 Exception <a 'java/lang/ClassNotFoundException': org/gradle/api/plugins/BasePluginConventionCustomizer> (0x00000000d9399280) thrown at [C:\src\AOSP-openjdk-git\hotspot\src\share\vm\classfile\systemDictionary.cpp, line 210]
Event: 14.839 Thread 0x000000001bde4800 Exception <a 'java/lang/ClassNotFoundException': org/gradle/api/plugins/internal/DefaultBasePluginConventionCustomizer> (0x00000000d93e2ae0) thrown at [C:\src\AOSP-openjdk-git\hotspot\src\share\vm\classfile\systemDictionary.cpp, line 210]
Event: 14.851 Thread 0x000000001bde4800 Exception <a 'java/lang/NoSuchMethodError': java.lang.Object.lambda$comparingInt$7b0bb60$1(Ljava/util/function/ToIntFunction;Ljava/lang/Object;Ljava/lang/Object;)I> (0x00000000d9453de8) thrown at [C:\src\AOSP-openjdk-git\hotspot\src\share\vm\interpreter\l

Events (10 events):
Event: 14.946 loading class com/google/wireless/android/sdk/stats/TestRun$TestExecution$1
Event: 14.946 loading class com/google/wireless/android/sdk/stats/TestRun$TestExecution$1 done
Event: 14.948 loading class com/google/wireless/android/sdk/stats/GradleBuildVariant$Java8LangSupport
Event: 14.948 loading class com/google/wireless/android/sdk/stats/GradleBuildVariant$Java8LangSupport done
Event: 14.949 loading class com/google/wireless/android/sdk/stats/GradleBuildVariant$Java8LangSupport$1
Event: 14.949 loading class com/google/wireless/android/sdk/stats/GradleBuildVariant$Java8LangSupport$1 done
Event: 14.950 loading class com/android/build/gradle/internal/VariantManager
Event: 14.950 loading class com/android/build/gradle/internal/VariantManager done
Event: 14.969 loading class com/android/build/gradle/internal/core/VariantDslInfoImpl
Event: 14.969 loading class com/android/build/gradle/internal/core/VariantDslInfoImpl done


Dynamic libraries:
0x00007ff624ba0000 - 0x00007ff624bd1000 	C:\Program Files\Android\Android Studio\jre\bin\java.exe
0x00007fff6b9b0000 - 0x00007fff6bba6000 	C:\WINDOWS\SYSTEM32\ntdll.dll
0x00007fff6af50000 - 0x00007fff6b00d000 	C:\WINDOWS\System32\KERNEL32.DLL
0x00007fff695c0000 - 0x00007fff69888000 	C:\WINDOWS\System32\KERNELBASE.dll
0x00007fff6a8c0000 - 0x00007fff6a96c000 	C:\WINDOWS\System32\ADVAPI32.dll
0x00007fff6a640000 - 0x00007fff6a6de000 	C:\WINDOWS\System32\msvcrt.dll
0x00007fff6b8d0000 - 0x00007fff6b96b000 	C:\WINDOWS\System32\sechost.dll
0x00007fff6b7a0000 - 0x00007fff6b8c4000 	C:\WINDOWS\System32\RPCRT4.dll
0x00007fff6b5a0000 - 0x00007fff6b740000 	C:\WINDOWS\System32\USER32.dll
0x00007fff69990000 - 0x00007fff699b2000 	C:\WINDOWS\System32\win32u.dll
0x00007fff6a890000 - 0x00007fff6a8ba000 	C:\WINDOWS\System32\GDI32.dll
0x00007fff691a0000 - 0x00007fff692a9000 	C:\WINDOWS\System32\gdi32full.dll
0x00007fff69520000 - 0x00007fff695bd000 	C:\WINDOWS\System32\msvcp_win.dll
0x00007fff69890000 - 0x00007fff69990000 	C:\WINDOWS\System32\ucrtbase.dll
0x00007fff52380000 - 0x00007fff5261b000 	C:\WINDOWS\WinSxS\amd64_microsoft.windows.common-controls_6595b64144ccf1df_6.0.19041.488_none_ca04af081b815d21\COMCTL32.dll
0x00007fff6a6e0000 - 0x00007fff6a710000 	C:\WINDOWS\System32\IMM32.DLL
0x0000000060780000 - 0x0000000060852000 	C:\Program Files\Android\Android Studio\jre\jre\bin\msvcr100.dll
0x0000000060860000 - 0x00000000610ab000 	C:\Program Files\Android\Android Studio\jre\jre\bin\server\jvm.dll
0x00007fff6a7a0000 - 0x00007fff6a7a8000 	C:\WINDOWS\System32\PSAPI.DLL
0x00007fff64aa0000 - 0x00007fff64aa9000 	C:\WINDOWS\SYSTEM32\WSOCK32.dll
0x00007fff562a0000 - 0x00007fff562c7000 	C:\WINDOWS\SYSTEM32\WINMM.dll
0x00007fff6a5d0000 - 0x00007fff6a63b000 	C:\WINDOWS\System32\WS2_32.dll
0x00007fff615b0000 - 0x00007fff615ba000 	C:\WINDOWS\SYSTEM32\VERSION.dll
0x00007fff62ee0000 - 0x00007fff62eef000 	C:\Program Files\Android\Android Studio\jre\jre\bin\verify.dll
0x00007fff62dd0000 - 0x00007fff62df9000 	C:\Program Files\Android\Android Studio\jre\jre\bin\java.dll
0x00007fff62ec0000 - 0x00007fff62ed6000 	C:\Program Files\Android\Android Studio\jre\jre\bin\zip.dll
0x00007fff69a10000 - 0x00007fff6a151000 	C:\WINDOWS\System32\SHELL32.dll
0x00007fff67240000 - 0x00007fff679d5000 	C:\WINDOWS\SYSTEM32\windows.storage.dll
0x00007fff6b010000 - 0x00007fff6b365000 	C:\WINDOWS\System32\combase.dll
0x00007fff68a90000 - 0x00007fff68abc000 	C:\WINDOWS\SYSTEM32\Wldp.dll
0x00007fff6ab50000 - 0x00007fff6abfe000 	C:\WINDOWS\System32\SHCORE.dll
0x00007fff6ae10000 - 0x00007fff6ae65000 	C:\WINDOWS\System32\shlwapi.dll
0x00007fff69020000 - 0x00007fff69046000 	C:\WINDOWS\SYSTEM32\profapi.dll
0x00007fff62db0000 - 0x00007fff62dca000 	C:\Program Files\Android\Android Studio\jre\jre\bin\net.dll
0x00007fff68810000 - 0x00007fff6887a000 	C:\WINDOWS\system32\mswsock.dll
0x00007fff60d70000 - 0x00007fff60d83000 	C:\Program Files\Android\Android Studio\jre\jre\bin\nio.dll
0x00007fff62fa0000 - 0x00007fff62fc6000 	C:\Users\EL-Kady EzZaT\.gradle\native\31\windows-amd64\native-platform.dll
0x00007fff60d60000 - 0x00007fff60d6d000 	C:\Program Files\Android\Android Studio\jre\jre\bin\management.dll
0x00007fff689e0000 - 0x00007fff689f8000 	C:\WINDOWS\SYSTEM32\CRYPTSP.dll
0x00007fff681a0000 - 0x00007fff681d4000 	C:\WINDOWS\system32\rsaenh.dll
0x00007fff690f0000 - 0x00007fff69117000 	C:\WINDOWS\System32\bcrypt.dll
0x00007fff68fa0000 - 0x00007fff68fce000 	C:\WINDOWS\SYSTEM32\USERENV.dll
0x00007fff69120000 - 0x00007fff6919f000 	C:\WINDOWS\System32\bcryptprimitives.dll
0x00007fff68a00000 - 0x00007fff68a0c000 	C:\WINDOWS\SYSTEM32\CRYPTBASE.dll
0x00007fff68500000 - 0x00007fff6853b000 	C:\WINDOWS\SYSTEM32\IPHLPAPI.DLL
0x00007fff6ae00000 - 0x00007fff6ae08000 	C:\WINDOWS\System32\NSI.dll
0x00007fff621c0000 - 0x00007fff621d7000 	C:\WINDOWS\SYSTEM32\dhcpcsvc6.DLL
0x00007fff621a0000 - 0x00007fff621bd000 	C:\WINDOWS\SYSTEM32\dhcpcsvc.DLL
0x00007fff68540000 - 0x00007fff6860b000 	C:\WINDOWS\SYSTEM32\DNSAPI.dll

VM Arguments:
jvm_args: -Xmx2048m -Dfile.encoding=windows-1252 -Duser.country=US -Duser.language=en -Duser.variant 
java_command: org.gradle.launcher.daemon.bootstrap.GradleDaemon 6.1.1
java_class_path (initial): C:\Users\EL-Kady EzZaT\.gradle\wrapper\dists\gradle-6.1.1-all\cfmwm155h49vnt3hynmlrsdst\gradle-6.1.1\lib\gradle-launcher-6.1.1.jar
Launcher Type: SUN_STANDARD

Environment Variables:
PATH=C:\WINDOWS\system32;C:\WINDOWS;C:\WINDOWS\System32\Wbem;C:\WINDOWS\System32\WindowsPowerShell\v1.0\;C:\WINDOWS\System32\OpenSSH\;C:\Program Files\Microsoft\Web Platform Installer\;C:\Program Files (x86)\Microsoft ASP.NET\ASP.NET Web Pages\v1.0\;C:\Program Files\Microsoft SQL Server\110\Tools\Binn\;C:\Program Files (x86)\Microsoft SQL Server\100\Tools\Binn\;C:\Program Files\Microsoft SQL Server\100\Tools\Binn\;C:\Program Files\Microsoft SQL Server\100\DTS\Binn\;C:\Users\EL-Kady EzZaT\AppData\Local\Microsoft\WindowsApps;
USERNAME=EL-Kady EzZaT
OS=Windows_NT
PROCESSOR_IDENTIFIER=Intel64 Family 6 Model 42 Stepping 7, GenuineIntel



---------------  S Y S T E M  ---------------

OS: Windows 10.0 , 64 bit Build 19041 (10.0.19041.546)

CPU:total 4 (initial active 4) (2 cores per cpu, 2 threads per core) family 6 model 42 stepping 7, cmov, cx8, fxsr, mmx, sse, sse2, sse3, ssse3, sse4.1, sse4.2, popcnt, avx, aes, clmul, ht, tsc, tscinvbit

Memory: 4k page, physical 4102504k(455472k free), swap 4102504k(6228k free)

vm_info: OpenJDK 64-Bit Server VM (25.242-b01) for windows-amd64 JRE (1.8.0_242-release-1644-b01), built by "builder" with MS VC++ 10.0 (VS2010)

time: Thu Nov 19 22:26:26 2020
timezone: Egypt Standard Time
elapsed time: 14 seconds (0d 0h 0m 14s)

